com.ibm.cics.eclipse.common.runtime_3.0.0.202011251751
2021/04/15 16:20:37.522 EDT [1] ! com.ibm.cics.eclipse.common.logging.ToJavaEclipseLogListener.logging() [org.eclipse.core.internal.resources.ResourceException: Resource is out of sync with the file system: '/inquireSingle/service.properties'.]
org.eclipse.core.internal.resources.ResourceException: Resource is out of sync with the file system: '/inquireSingle/service.properties'.
	at org.eclipse.core.internal.resources.File.getContentDescription(File.java:261)
	at org.eclipse.core.internal.propertytester.FilePropertyTester.testContentType(FilePropertyTester.java:101)
	at org.eclipse.core.internal.propertytester.FilePropertyTester.test(FilePropertyTester.java:53)
	at org.eclipse.core.internal.expressions.Property.test(Property.java:58)
	at org.eclipse.core.internal.expressions.TestExpression.evaluate(TestExpression.java:100)
	at org.eclipse.core.internal.expressions.CompositeExpression.evaluateAnd(CompositeExpression.java:53)
	at org.eclipse.core.internal.expressions.AndExpression.evaluate(AndExpression.java:31)
	at org.eclipse.core.internal.expressions.CompositeExpression.evaluateOr(CompositeExpression.java:68)
	at org.eclipse.core.internal.expressions.OrExpression.evaluate(OrExpression.java:22)
	at org.eclipse.core.internal.expressions.CompositeExpression.evaluateAnd(CompositeExpression.java:53)
	at org.eclipse.core.internal.expressions.EnablementExpression.evaluate(EnablementExpression.java:55)
	at org.eclipse.ui.internal.navigator.NavigatorPlugin$Evaluator.run(NavigatorPlugin.java:247)
	at org.eclipse.core.runtime.SafeRunner.run(SafeRunner.java:42)
	at org.eclipse.ui.internal.navigator.NavigatorPlugin.safeEvaluate(NavigatorPlugin.java:262)
	at org.eclipse.ui.internal.navigator.actions.CommonActionProviderDescriptor.isEnabledFor(CommonActionProviderDescriptor.java:236)
	at org.eclipse.ui.internal.navigator.actions.CommonActionDescriptorManager.addProviderIfRelevant(CommonActionDescriptorManager.java:258)
	at org.eclipse.ui.internal.navigator.actions.CommonActionDescriptorManager.findRelevantActionDescriptors(CommonActionDescriptorManager.java:235)
	at org.eclipse.ui.navigator.NavigatorActionService.fillActionBars(NavigatorActionService.java:253)
	at org.eclipse.ui.navigator.CommonNavigatorManager.selectionChanged(CommonNavigatorManager.java:229)
	at org.eclipse.jface.viewers.Viewer$1.run(Viewer.java:158)
	at org.eclipse.core.runtime.SafeRunner.run(SafeRunner.java:42)
	at org.eclipse.ui.internal.JFaceUtil$1.run(JFaceUtil.java:50)
	at org.eclipse.jface.util.SafeRunnable.run(SafeRunnable.java:173)
	at org.eclipse.jface.viewers.Viewer.fireSelectionChanged(Viewer.java:155)
	at org.eclipse.jface.viewers.StructuredViewer.updateSelection(StructuredViewer.java:2191)
	at org.eclipse.jface.viewers.StructuredViewer.handleSelect(StructuredViewer.java:1229)
	at org.eclipse.ui.navigator.CommonViewer.handleSelect(CommonViewer.java:463)
	at org.eclipse.jface.viewers.StructuredViewer$4.widgetSelected(StructuredViewer.java:1258)
	at org.eclipse.jface.util.OpenStrategy.fireSelectionEvent(OpenStrategy.java:242)
	at org.eclipse.jface.util.OpenStrategy.access$4(OpenStrategy.java:236)
	at org.eclipse.jface.util.OpenStrategy$1.handleEvent(OpenStrategy.java:405)
	at org.eclipse.swt.widgets.EventTable.sendEvent(EventTable.java:84)
	at org.eclipse.swt.widgets.Display.sendEvent(Display.java:4256)
	at org.eclipse.swt.widgets.Widget.sendEvent(Widget.java:1501)
	at org.eclipse.swt.widgets.Widget.sendEvent(Widget.java:1524)
	at org.eclipse.swt.widgets.Widget.sendEvent(Widget.java:1509)
	at org.eclipse.swt.widgets.Widget.notifyListeners(Widget.java:1313)
	at org.eclipse.swt.widgets.Display.runDeferredEvents(Display.java:4080)
	at org.eclipse.swt.widgets.Display.applicationNextEventMatchingMask(Display.java:5078)
	at org.eclipse.swt.widgets.Display.applicationProc(Display.java:5465)
	at org.eclipse.swt.internal.cocoa.OS.objc_msgSendSuper(Native Method)
	at org.eclipse.swt.widgets.Widget.callSuper(Widget.java:227)
	at org.eclipse.swt.widgets.Widget.mouseDownSuper(Widget.java:1135)
	at org.eclipse.swt.widgets.Tree.mouseDownSuper(Tree.java:2102)
	at org.eclipse.swt.widgets.Widget.mouseDown(Widget.java:1127)
	at org.eclipse.swt.widgets.Control.mouseDown(Control.java:2624)
	at org.eclipse.swt.widgets.Tree.mouseDown(Tree.java:2069)
	at org.eclipse.swt.widgets.Display.windowProc(Display.java:5733)
	at org.eclipse.swt.internal.cocoa.OS.objc_msgSendSuper(Native Method)
	at org.eclipse.swt.widgets.Widget.callSuper(Widget.java:227)
	at org.eclipse.swt.widgets.Widget.windowSendEvent(Widget.java:2140)
	at org.eclipse.swt.widgets.Shell.windowSendEvent(Shell.java:2402)
	at org.eclipse.swt.widgets.Display.windowProc(Display.java:5797)
	at org.eclipse.swt.internal.cocoa.OS.objc_msgSendSuper(Native Method)
	at org.eclipse.swt.widgets.Display.applicationSendEvent(Display.java:5226)
	at org.eclipse.swt.widgets.Display.applicationProc(Display.java:5375)
	at org.eclipse.swt.internal.cocoa.OS.objc_msgSend(Native Method)
	at org.eclipse.swt.internal.cocoa.NSApplication.sendEvent(NSApplication.java:128)
	at org.eclipse.swt.widgets.Display.readAndDispatch(Display.java:3703)
	at org.eclipse.e4.ui.internal.workbench.swt.PartRenderingEngine$4.run(PartRenderingEngine.java:1124)
	at org.eclipse.core.databinding.observable.Realm.runWithDefault(Realm.java:336)
	at org.eclipse.e4.ui.internal.workbench.swt.PartRenderingEngine.run(PartRenderingEngine.java:1025)
	at org.eclipse.e4.ui.internal.workbench.E4Workbench.createAndRunUI(E4Workbench.java:150)
	at org.eclipse.ui.internal.Workbench$5.run(Workbench.java:693)
	at org.eclipse.core.databinding.observable.Realm.runWithDefault(Realm.java:336)
	at org.eclipse.ui.internal.Workbench.createAndRunWorkbench(Workbench.java:610)
	at org.eclipse.ui.PlatformUI.createAndRunWorkbench(PlatformUI.java:148)
	at org.eclipse.ui.internal.ide.application.IDEApplication.start(IDEApplication.java:138)
	at org.eclipse.equinox.internal.app.EclipseAppHandle.run(EclipseAppHandle.java:196)
	at org.eclipse.core.runtime.internal.adaptor.EclipseAppLauncher.runApplication(EclipseAppLauncher.java:134)
	at org.eclipse.core.runtime.internal.adaptor.EclipseAppLauncher.start(EclipseAppLauncher.java:104)
	at org.eclipse.core.runtime.adaptor.EclipseStarter.run(EclipseStarter.java:388)
	at org.eclipse.core.runtime.adaptor.EclipseStarter.run(EclipseStarter.java:243)
	at sun.reflect.NativeMethodAccessorImpl.invoke0(Native Method)
	at sun.reflect.NativeMethodAccessorImpl.invoke(NativeMethodAccessorImpl.java:62)
	at sun.reflect.DelegatingMethodAccessorImpl.invoke(DelegatingMethodAccessorImpl.java:43)
	at java.lang.reflect.Method.invoke(Method.java:498)
	at org.eclipse.equinox.launcher.Main.invokeFramework(Main.java:673)
	at org.eclipse.equinox.launcher.Main.basicRun(Main.java:610)
	at org.eclipse.equinox.launcher.Main.run(Main.java:1519)

2021/04/15 16:20:37.572 EDT [1] - com.ibm.cics.core.ui.LegacyNavigationService.selectionChanged() [com.ibm.cics.core.ui.LegacyNavigationService$1@7b5f0c4c, org.eclipse.ui.navigator.resources.ProjectExplorer@4b79c42e, L/inquireSingle/service.properties]
2021/04/15 16:20:37.572 EDT [1] > com.ibm.cics.eclipse.common.AbstractContextManager.deactivate() [com.ibm.cics.explorer.cancreatecicsdef.bundle.context]
2021/04/15 16:20:37.572 EDT [1] < com.ibm.cics.eclipse.common.AbstractContextManager.deactivate() [com.ibm.cics.explorer.cancreatecicsdef.bundle.context]
2021/04/15 16:20:37.766 EDT [1] ! com.ibm.cics.eclipse.common.logging.ToJavaEclipseLogListener.logging() [org.eclipse.core.internal.resources.ResourceException: Resource is out of sync with the file system: '/inquireSingle/service.properties'.]
org.eclipse.core.internal.resources.ResourceException: Resource is out of sync with the file system: '/inquireSingle/service.properties'.
	at org.eclipse.core.internal.resources.File.getContentDescription(File.java:261)
	at org.eclipse.core.internal.propertytester.FilePropertyTester.testContentType(FilePropertyTester.java:101)
	at org.eclipse.core.internal.propertytester.FilePropertyTester.test(FilePropertyTester.java:53)
	at org.eclipse.core.internal.expressions.Property.test(Property.java:58)
	at org.eclipse.core.internal.expressions.TestExpression.evaluate(TestExpression.java:100)
	at org.eclipse.core.internal.expressions.CompositeExpression.evaluateAnd(CompositeExpression.java:53)
	at org.eclipse.core.internal.expressions.AndExpression.evaluate(AndExpression.java:31)
	at org.eclipse.core.internal.expressions.CompositeExpression.evaluateOr(CompositeExpression.java:68)
	at org.eclipse.core.internal.expressions.OrExpression.evaluate(OrExpression.java:22)
	at org.eclipse.core.internal.expressions.CompositeExpression.evaluateAnd(CompositeExpression.java:53)
	at org.eclipse.core.internal.expressions.EnablementExpression.evaluate(EnablementExpression.java:55)
	at org.eclipse.ui.internal.navigator.NavigatorPlugin$Evaluator.run(NavigatorPlugin.java:247)
	at org.eclipse.core.runtime.SafeRunner.run(SafeRunner.java:42)
	at org.eclipse.ui.internal.navigator.NavigatorPlugin.safeEvaluate(NavigatorPlugin.java:262)
	at org.eclipse.ui.internal.navigator.actions.CommonActionProviderDescriptor.isEnabledFor(CommonActionProviderDescriptor.java:236)
	at org.eclipse.ui.internal.navigator.actions.CommonActionDescriptorManager.addProviderIfRelevant(CommonActionDescriptorManager.java:258)
	at org.eclipse.ui.internal.navigator.actions.CommonActionDescriptorManager.addProviderIfRelevant(CommonActionDescriptorManager.java:263)
	at org.eclipse.ui.internal.navigator.actions.CommonActionDescriptorManager.findRelevantActionDescriptors(CommonActionDescriptorManager.java:235)
	at org.eclipse.ui.navigator.NavigatorActionService.fillActionBars(NavigatorActionService.java:253)
	at org.eclipse.ui.navigator.CommonNavigatorManager$2.open(CommonNavigatorManager.java:190)
	at org.eclipse.ui.OpenAndLinkWithEditorHelper$InternalListener.open(OpenAndLinkWithEditorHelper.java:46)
	at org.eclipse.jface.viewers.StructuredViewer$2.run(StructuredViewer.java:855)
	at org.eclipse.core.runtime.SafeRunner.run(SafeRunner.java:42)
	at org.eclipse.ui.internal.JFaceUtil$1.run(JFaceUtil.java:50)
	at org.eclipse.jface.util.SafeRunnable.run(SafeRunnable.java:173)
	at org.eclipse.jface.viewers.StructuredViewer.fireOpen(StructuredViewer.java:852)
	at org.eclipse.jface.viewers.StructuredViewer.handleOpen(StructuredViewer.java:1169)
	at org.eclipse.ui.navigator.CommonViewer.handleOpen(CommonViewer.java:451)
	at org.eclipse.jface.util.OpenStrategy.fireOpenEvent(OpenStrategy.java:278)
	at org.eclipse.jface.util.OpenStrategy.access$2(OpenStrategy.java:272)
	at org.eclipse.jface.util.OpenStrategy$1.handleEvent(OpenStrategy.java:313)
	at org.eclipse.swt.widgets.EventTable.sendEvent(EventTable.java:84)
	at org.eclipse.swt.widgets.Display.sendEvent(Display.java:4256)
	at org.eclipse.swt.widgets.Widget.sendEvent(Widget.java:1501)
	at org.eclipse.swt.widgets.Widget.sendEvent(Widget.java:1524)
	at org.eclipse.swt.widgets.Widget.sendEvent(Widget.java:1509)
	at org.eclipse.swt.widgets.Widget.notifyListeners(Widget.java:1313)
	at org.eclipse.swt.widgets.Display.runDeferredEvents(Display.java:4080)
	at org.eclipse.swt.widgets.Display.readAndDispatch(Display.java:3706)
	at org.eclipse.e4.ui.internal.workbench.swt.PartRenderingEngine$4.run(PartRenderingEngine.java:1124)
	at org.eclipse.core.databinding.observable.Realm.runWithDefault(Realm.java:336)
	at org.eclipse.e4.ui.internal.workbench.swt.PartRenderingEngine.run(PartRenderingEngine.java:1025)
	at org.eclipse.e4.ui.internal.workbench.E4Workbench.createAndRunUI(E4Workbench.java:150)
	at org.eclipse.ui.internal.Workbench$5.run(Workbench.java:693)
	at org.eclipse.core.databinding.observable.Realm.runWithDefault(Realm.java:336)
	at org.eclipse.ui.internal.Workbench.createAndRunWorkbench(Workbench.java:610)
	at org.eclipse.ui.PlatformUI.createAndRunWorkbench(PlatformUI.java:148)
	at org.eclipse.ui.internal.ide.application.IDEApplication.start(IDEApplication.java:138)
	at org.eclipse.equinox.internal.app.EclipseAppHandle.run(EclipseAppHandle.java:196)
	at org.eclipse.core.runtime.internal.adaptor.EclipseAppLauncher.runApplication(EclipseAppLauncher.java:134)
	at org.eclipse.core.runtime.internal.adaptor.EclipseAppLauncher.start(EclipseAppLauncher.java:104)
	at org.eclipse.core.runtime.adaptor.EclipseStarter.run(EclipseStarter.java:388)
	at org.eclipse.core.runtime.adaptor.EclipseStarter.run(EclipseStarter.java:243)
	at sun.reflect.NativeMethodAccessorImpl.invoke0(Native Method)
	at sun.reflect.NativeMethodAccessorImpl.invoke(NativeMethodAccessorImpl.java:62)
	at sun.reflect.DelegatingMethodAccessorImpl.invoke(DelegatingMethodAccessorImpl.java:43)
	at java.lang.reflect.Method.invoke(Method.java:498)
	at org.eclipse.equinox.launcher.Main.invokeFramework(Main.java:673)
	at org.eclipse.equinox.launcher.Main.basicRun(Main.java:610)
	at org.eclipse.equinox.launcher.Main.run(Main.java:1519)

2021/04/15 16:20:37.767 EDT [1] ! com.ibm.cics.eclipse.common.logging.ToJavaEclipseLogListener.logging() [org.eclipse.core.internal.resources.ResourceException: Resource is out of sync with the file system: '/inquireSingle/service.properties'.]
org.eclipse.core.internal.resources.ResourceException: Resource is out of sync with the file system: '/inquireSingle/service.properties'.
	at org.eclipse.core.internal.resources.File.getContentDescription(File.java:261)
	at org.eclipse.core.internal.propertytester.FilePropertyTester.testContentType(FilePropertyTester.java:101)
	at org.eclipse.core.internal.propertytester.FilePropertyTester.test(FilePropertyTester.java:53)
	at org.eclipse.core.internal.expressions.Property.test(Property.java:58)
	at org.eclipse.core.internal.expressions.TestExpression.evaluate(TestExpression.java:100)
	at org.eclipse.core.internal.expressions.CompositeExpression.evaluateAnd(CompositeExpression.java:53)
	at org.eclipse.core.internal.expressions.AndExpression.evaluate(AndExpression.java:31)
	at org.eclipse.core.internal.expressions.CompositeExpression.evaluateOr(CompositeExpression.java:68)
	at org.eclipse.core.internal.expressions.OrExpression.evaluate(OrExpression.java:22)
	at org.eclipse.core.internal.expressions.CompositeExpression.evaluateAnd(CompositeExpression.java:53)
	at org.eclipse.core.internal.expressions.EnablementExpression.evaluate(EnablementExpression.java:55)
	at org.eclipse.ui.internal.navigator.NavigatorPlugin$Evaluator.run(NavigatorPlugin.java:247)
	at org.eclipse.core.runtime.SafeRunner.run(SafeRunner.java:42)
	at org.eclipse.ui.internal.navigator.NavigatorPlugin.safeEvaluate(NavigatorPlugin.java:262)
	at org.eclipse.ui.internal.navigator.actions.CommonActionProviderDescriptor.isEnabledFor(CommonActionProviderDescriptor.java:236)
	at org.eclipse.ui.internal.navigator.actions.CommonActionDescriptorManager.addProviderIfRelevant(CommonActionDescriptorManager.java:258)
	at org.eclipse.ui.internal.navigator.actions.CommonActionDescriptorManager.findRelevantActionDescriptors(CommonActionDescriptorManager.java:235)
	at org.eclipse.ui.navigator.NavigatorActionService.fillActionBars(NavigatorActionService.java:253)
	at org.eclipse.ui.navigator.CommonNavigatorManager$2.open(CommonNavigatorManager.java:190)
	at org.eclipse.ui.OpenAndLinkWithEditorHelper$InternalListener.open(OpenAndLinkWithEditorHelper.java:46)
	at org.eclipse.jface.viewers.StructuredViewer$2.run(StructuredViewer.java:855)
	at org.eclipse.core.runtime.SafeRunner.run(SafeRunner.java:42)
	at org.eclipse.ui.internal.JFaceUtil$1.run(JFaceUtil.java:50)
	at org.eclipse.jface.util.SafeRunnable.run(SafeRunnable.java:173)
	at org.eclipse.jface.viewers.StructuredViewer.fireOpen(StructuredViewer.java:852)
	at org.eclipse.jface.viewers.StructuredViewer.handleOpen(StructuredViewer.java:1169)
	at org.eclipse.ui.navigator.CommonViewer.handleOpen(CommonViewer.java:451)
	at org.eclipse.jface.util.OpenStrategy.fireOpenEvent(OpenStrategy.java:278)
	at org.eclipse.jface.util.OpenStrategy.access$2(OpenStrategy.java:272)
	at org.eclipse.jface.util.OpenStrategy$1.handleEvent(OpenStrategy.java:313)
	at org.eclipse.swt.widgets.EventTable.sendEvent(EventTable.java:84)
	at org.eclipse.swt.widgets.Display.sendEvent(Display.java:4256)
	at org.eclipse.swt.widgets.Widget.sendEvent(Widget.java:1501)
	at org.eclipse.swt.widgets.Widget.sendEvent(Widget.java:1524)
	at org.eclipse.swt.widgets.Widget.sendEvent(Widget.java:1509)
	at org.eclipse.swt.widgets.Widget.notifyListeners(Widget.java:1313)
	at org.eclipse.swt.widgets.Display.runDeferredEvents(Display.java:4080)
	at org.eclipse.swt.widgets.Display.readAndDispatch(Display.java:3706)
	at org.eclipse.e4.ui.internal.workbench.swt.PartRenderingEngine$4.run(PartRenderingEngine.java:1124)
	at org.eclipse.core.databinding.observable.Realm.runWithDefault(Realm.java:336)
	at org.eclipse.e4.ui.internal.workbench.swt.PartRenderingEngine.run(PartRenderingEngine.java:1025)
	at org.eclipse.e4.ui.internal.workbench.E4Workbench.createAndRunUI(E4Workbench.java:150)
	at org.eclipse.ui.internal.Workbench$5.run(Workbench.java:693)
	at org.eclipse.core.databinding.observable.Realm.runWithDefault(Realm.java:336)
	at org.eclipse.ui.internal.Workbench.createAndRunWorkbench(Workbench.java:610)
	at org.eclipse.ui.PlatformUI.createAndRunWorkbench(PlatformUI.java:148)
	at org.eclipse.ui.internal.ide.application.IDEApplication.start(IDEApplication.java:138)
	at org.eclipse.equinox.internal.app.EclipseAppHandle.run(EclipseAppHandle.java:196)
	at org.eclipse.core.runtime.internal.adaptor.EclipseAppLauncher.runApplication(EclipseAppLauncher.java:134)
	at org.eclipse.core.runtime.internal.adaptor.EclipseAppLauncher.start(EclipseAppLauncher.java:104)
	at org.eclipse.core.runtime.adaptor.EclipseStarter.run(EclipseStarter.java:388)
	at org.eclipse.core.runtime.adaptor.EclipseStarter.run(EclipseStarter.java:243)
	at sun.reflect.NativeMethodAccessorImpl.invoke0(Native Method)
	at sun.reflect.NativeMethodAccessorImpl.invoke(NativeMethodAccessorImpl.java:62)
	at sun.reflect.DelegatingMethodAccessorImpl.invoke(DelegatingMethodAccessorImpl.java:43)
	at java.lang.reflect.Method.invoke(Method.java:498)
	at org.eclipse.equinox.launcher.Main.invokeFramework(Main.java:673)
	at org.eclipse.equinox.launcher.Main.basicRun(Main.java:610)
	at org.eclipse.equinox.launcher.Main.run(Main.java:1519)

2021/04/15 16:20:37.768 EDT [1] ! com.ibm.cics.eclipse.common.logging.ToJavaEclipseLogListener.logging() [org.eclipse.core.internal.resources.ResourceException: Resource is out of sync with the file system: '/inquireSingle/service.properties'.]
org.eclipse.core.internal.resources.ResourceException: Resource is out of sync with the file system: '/inquireSingle/service.properties'.
	at org.eclipse.core.internal.resources.File.getContentDescription(File.java:261)
	at org.eclipse.core.internal.propertytester.FilePropertyTester.testContentType(FilePropertyTester.java:101)
	at org.eclipse.core.internal.propertytester.FilePropertyTester.test(FilePropertyTester.java:53)
	at org.eclipse.core.internal.expressions.Property.test(Property.java:58)
	at org.eclipse.core.internal.expressions.TestExpression.evaluate(TestExpression.java:100)
	at org.eclipse.core.internal.expressions.CompositeExpression.evaluateAnd(CompositeExpression.java:53)
	at org.eclipse.core.internal.expressions.AndExpression.evaluate(AndExpression.java:31)
	at org.eclipse.core.internal.expressions.CompositeExpression.evaluateOr(CompositeExpression.java:68)
	at org.eclipse.core.internal.expressions.OrExpression.evaluate(OrExpression.java:22)
	at org.eclipse.core.internal.expressions.CompositeExpression.evaluateAnd(CompositeExpression.java:53)
	at org.eclipse.core.internal.expressions.EnablementExpression.evaluate(EnablementExpression.java:55)
	at org.eclipse.ui.internal.navigator.NavigatorPlugin$Evaluator.run(NavigatorPlugin.java:247)
	at org.eclipse.core.runtime.SafeRunner.run(SafeRunner.java:42)
	at org.eclipse.ui.internal.navigator.NavigatorPlugin.safeEvaluate(NavigatorPlugin.java:262)
	at org.eclipse.ui.internal.navigator.actions.CommonActionProviderDescriptor.isEnabledFor(CommonActionProviderDescriptor.java:236)
	at org.eclipse.ui.internal.navigator.actions.CommonActionDescriptorManager.addProviderIfRelevant(CommonActionDescriptorManager.java:258)
	at org.eclipse.ui.internal.navigator.actions.CommonActionDescriptorManager.findRelevantActionDescriptors(CommonActionDescriptorManager.java:235)
	at org.eclipse.ui.navigator.NavigatorActionService.fillActionBars(NavigatorActionService.java:253)
	at org.eclipse.ui.navigator.CommonNavigatorManager$2.open(CommonNavigatorManager.java:190)
	at org.eclipse.ui.OpenAndLinkWithEditorHelper$InternalListener.open(OpenAndLinkWithEditorHelper.java:46)
	at org.eclipse.jface.viewers.StructuredViewer$2.run(StructuredViewer.java:855)
	at org.eclipse.core.runtime.SafeRunner.run(SafeRunner.java:42)
	at org.eclipse.ui.internal.JFaceUtil$1.run(JFaceUtil.java:50)
	at org.eclipse.jface.util.SafeRunnable.run(SafeRunnable.java:173)
	at org.eclipse.jface.viewers.StructuredViewer.fireOpen(StructuredViewer.java:852)
	at org.eclipse.jface.viewers.StructuredViewer.handleOpen(StructuredViewer.java:1169)
	at org.eclipse.ui.navigator.CommonViewer.handleOpen(CommonViewer.java:451)
	at org.eclipse.jface.util.OpenStrategy.fireOpenEvent(OpenStrategy.java:278)
	at org.eclipse.jface.util.OpenStrategy.access$2(OpenStrategy.java:272)
	at org.eclipse.jface.util.OpenStrategy$1.handleEvent(OpenStrategy.java:313)
	at org.eclipse.swt.widgets.EventTable.sendEvent(EventTable.java:84)
	at org.eclipse.swt.widgets.Display.sendEvent(Display.java:4256)
	at org.eclipse.swt.widgets.Widget.sendEvent(Widget.java:1501)
	at org.eclipse.swt.widgets.Widget.sendEvent(Widget.java:1524)
	at org.eclipse.swt.widgets.Widget.sendEvent(Widget.java:1509)
	at org.eclipse.swt.widgets.Widget.notifyListeners(Widget.java:1313)
	at org.eclipse.swt.widgets.Display.runDeferredEvents(Display.java:4080)
	at org.eclipse.swt.widgets.Display.readAndDispatch(Display.java:3706)
	at org.eclipse.e4.ui.internal.workbench.swt.PartRenderingEngine$4.run(PartRenderingEngine.java:1124)
	at org.eclipse.core.databinding.observable.Realm.runWithDefault(Realm.java:336)
	at org.eclipse.e4.ui.internal.workbench.swt.PartRenderingEngine.run(PartRenderingEngine.java:1025)
	at org.eclipse.e4.ui.internal.workbench.E4Workbench.createAndRunUI(E4Workbench.java:150)
	at org.eclipse.ui.internal.Workbench$5.run(Workbench.java:693)
	at org.eclipse.core.databinding.observable.Realm.runWithDefault(Realm.java:336)
	at org.eclipse.ui.internal.Workbench.createAndRunWorkbench(Workbench.java:610)
	at org.eclipse.ui.PlatformUI.createAndRunWorkbench(PlatformUI.java:148)
	at org.eclipse.ui.internal.ide.application.IDEApplication.start(IDEApplication.java:138)
	at org.eclipse.equinox.internal.app.EclipseAppHandle.run(EclipseAppHandle.java:196)
	at org.eclipse.core.runtime.internal.adaptor.EclipseAppLauncher.runApplication(EclipseAppLauncher.java:134)
	at org.eclipse.core.runtime.internal.adaptor.EclipseAppLauncher.start(EclipseAppLauncher.java:104)
	at org.eclipse.core.runtime.adaptor.EclipseStarter.run(EclipseStarter.java:388)
	at org.eclipse.core.runtime.adaptor.EclipseStarter.run(EclipseStarter.java:243)
	at sun.reflect.NativeMethodAccessorImpl.invoke0(Native Method)
	at sun.reflect.NativeMethodAccessorImpl.invoke(NativeMethodAccessorImpl.java:62)
	at sun.reflect.DelegatingMethodAccessorImpl.invoke(DelegatingMethodAccessorImpl.java:43)
	at java.lang.reflect.Method.invoke(Method.java:498)
	at org.eclipse.equinox.launcher.Main.invokeFramework(Main.java:673)
	at org.eclipse.equinox.launcher.Main.basicRun(Main.java:610)
	at org.eclipse.equinox.launcher.Main.run(Main.java:1519)

2021/04/15 16:20:37.892 EDT [1] ! com.ibm.cics.eclipse.common.logging.ToJavaEclipseLogListener.logging() [org.eclipse.core.internal.resources.ResourceException: File not found: /Users/Jack.Billings@ibm.com/git/test/Services/inquireSingle/service.properties.]
org.eclipse.core.internal.resources.ResourceException: File not found: /Users/Jack.Billings@ibm.com/git/test/Services/inquireSingle/service.properties.
	at org.eclipse.core.internal.localstore.FileSystemResourceManager.read(FileSystemResourceManager.java:840)
	at org.eclipse.core.internal.resources.File.getContents(File.java:277)
	at org.eclipse.core.internal.resources.File.getContents(File.java:268)
	at com.ibm.zosconnect.ui.service.controllers.model.ServiceModelController.loadPropertiesFromServicePropertiesFile(ServiceModelController.java:88)
	at com.ibm.zosconnect.ui.service.controllers.model.ServiceModelController.<init>(ServiceModelController.java:76)
	at com.ibm.zosconnect.ui.service.controllers.model.ServiceProjectController.<init>(ServiceProjectController.java:65)
	at com.ibm.zosconnect.ui.service.editors.ServiceProjectEditor.setInput(ServiceProjectEditor.java:147)
	at org.eclipse.ui.forms.editor.FormEditor.init(FormEditor.java:129)
	at com.ibm.zosconnect.ui.service.editors.ServiceProjectEditor.init(ServiceProjectEditor.java:121)
	at org.eclipse.ui.internal.EditorReference.initialize(EditorReference.java:362)
	at org.eclipse.ui.internal.e4.compatibility.CompatibilityPart.create(CompatibilityPart.java:318)
	at sun.reflect.GeneratedMethodAccessor90.invoke(Unknown Source)
	at sun.reflect.DelegatingMethodAccessorImpl.invoke(DelegatingMethodAccessorImpl.java:43)
	at java.lang.reflect.Method.invoke(Method.java:498)
	at org.eclipse.e4.core.internal.di.MethodRequestor.execute(MethodRequestor.java:55)
	at org.eclipse.e4.core.internal.di.InjectorImpl.processAnnotated(InjectorImpl.java:966)
	at org.eclipse.e4.core.internal.di.InjectorImpl.processAnnotated(InjectorImpl.java:931)
	at org.eclipse.e4.core.internal.di.InjectorImpl.inject(InjectorImpl.java:151)
	at org.eclipse.e4.core.internal.di.InjectorImpl.internalMake(InjectorImpl.java:375)
	at org.eclipse.e4.core.internal.di.InjectorImpl.make(InjectorImpl.java:294)
	at org.eclipse.e4.core.contexts.ContextInjectionFactory.make(ContextInjectionFactory.java:162)
	at org.eclipse.e4.ui.internal.workbench.ReflectionContributionFactory.createFromBundle(ReflectionContributionFactory.java:105)
	at org.eclipse.e4.ui.internal.workbench.ReflectionContributionFactory.doCreate(ReflectionContributionFactory.java:74)
	at org.eclipse.e4.ui.internal.workbench.ReflectionContributionFactory.create(ReflectionContributionFactory.java:56)
	at org.eclipse.e4.ui.workbench.renderers.swt.ContributedPartRenderer.createWidget(ContributedPartRenderer.java:129)
	at org.eclipse.e4.ui.internal.workbench.swt.PartRenderingEngine.createWidget(PartRenderingEngine.java:978)
	at org.eclipse.e4.ui.internal.workbench.swt.PartRenderingEngine.safeCreateGui(PartRenderingEngine.java:654)
	at org.eclipse.e4.ui.internal.workbench.swt.PartRenderingEngine.safeCreateGui(PartRenderingEngine.java:760)
	at org.eclipse.e4.ui.internal.workbench.swt.PartRenderingEngine.access$0(PartRenderingEngine.java:731)
	at org.eclipse.e4.ui.internal.workbench.swt.PartRenderingEngine$2.run(PartRenderingEngine.java:725)
	at org.eclipse.core.runtime.SafeRunner.run(SafeRunner.java:42)
	at org.eclipse.e4.ui.internal.workbench.swt.PartRenderingEngine.createGui(PartRenderingEngine.java:709)
	at org.eclipse.e4.ui.workbench.renderers.swt.StackRenderer.showTab(StackRenderer.java:1324)
	at org.eclipse.e4.ui.workbench.renderers.swt.LazyStackRenderer$1.handleEvent(LazyStackRenderer.java:72)
	at org.eclipse.e4.ui.services.internal.events.UIEventHandler$1.run(UIEventHandler.java:40)
	at org.eclipse.swt.widgets.Synchronizer.syncExec(Synchronizer.java:233)
	at org.eclipse.ui.internal.UISynchronizer.syncExec(UISynchronizer.java:145)
	at org.eclipse.swt.widgets.Display.syncExec(Display.java:4814)
	at org.eclipse.e4.ui.internal.workbench.swt.E4Application$1.syncExec(E4Application.java:211)
	at org.eclipse.e4.ui.services.internal.events.UIEventHandler.handleEvent(UIEventHandler.java:36)
	at org.eclipse.equinox.internal.event.EventHandlerWrapper.handleEvent(EventHandlerWrapper.java:201)
	at org.eclipse.equinox.internal.event.EventHandlerTracker.dispatchEvent(EventHandlerTracker.java:197)
	at org.eclipse.equinox.internal.event.EventHandlerTracker.dispatchEvent(EventHandlerTracker.java:1)
	at org.eclipse.osgi.framework.eventmgr.EventManager.dispatchEvent(EventManager.java:230)
	at org.eclipse.osgi.framework.eventmgr.ListenerQueue.dispatchEventSynchronous(ListenerQueue.java:148)
	at org.eclipse.equinox.internal.event.EventAdminImpl.dispatchEvent(EventAdminImpl.java:135)
	at org.eclipse.equinox.internal.event.EventAdminImpl.sendEvent(EventAdminImpl.java:78)
	at org.eclipse.equinox.internal.event.EventComponent.sendEvent(EventComponent.java:39)
	at org.eclipse.e4.ui.services.internal.events.EventBroker.send(EventBroker.java:94)
	at org.eclipse.e4.ui.internal.workbench.UIEventPublisher.notifyChanged(UIEventPublisher.java:60)
	at org.eclipse.emf.common.notify.impl.BasicNotifierImpl.eNotify(BasicNotifierImpl.java:374)
	at org.eclipse.e4.ui.model.application.ui.impl.ElementContainerImpl.setSelectedElement(ElementContainerImpl.java:173)
	at org.eclipse.e4.ui.internal.workbench.ModelServiceImpl.showElementInWindow(ModelServiceImpl.java:617)
	at org.eclipse.e4.ui.internal.workbench.ModelServiceImpl.bringToTop(ModelServiceImpl.java:581)
	at org.eclipse.e4.ui.internal.workbench.PartServiceImpl.delegateBringToTop(PartServiceImpl.java:770)
	at org.eclipse.e4.ui.internal.workbench.PartServiceImpl.bringToTop(PartServiceImpl.java:401)
	at org.eclipse.e4.ui.internal.workbench.PartServiceImpl.showPart(PartServiceImpl.java:1248)
	at org.eclipse.ui.internal.WorkbenchPage.busyOpenEditor(WorkbenchPage.java:3261)
	at org.eclipse.ui.internal.WorkbenchPage.access$25(WorkbenchPage.java:3176)
	at org.eclipse.ui.internal.WorkbenchPage$10.run(WorkbenchPage.java:3158)
	at org.eclipse.swt.custom.BusyIndicator.showWhile(BusyIndicator.java:70)
	at org.eclipse.ui.internal.WorkbenchPage.openEditor(WorkbenchPage.java:3153)
	at org.eclipse.ui.internal.WorkbenchPage.openEditor(WorkbenchPage.java:3117)
	at org.eclipse.ui.internal.WorkbenchPage.openEditor(WorkbenchPage.java:3107)
	at org.eclipse.ui.ide.IDE.openEditor(IDE.java:563)
	at org.eclipse.ui.ide.IDE.openEditor(IDE.java:518)
	at org.eclipse.jdt.internal.ui.javaeditor.EditorUtility.openInEditor(EditorUtility.java:360)
	at org.eclipse.jdt.internal.ui.javaeditor.EditorUtility.openInEditor(EditorUtility.java:167)
	at org.eclipse.jdt.ui.actions.OpenAction.run(OpenAction.java:256)
	at org.eclipse.jdt.ui.actions.OpenAction.run(OpenAction.java:221)
	at org.eclipse.jdt.ui.actions.SelectionDispatchAction.dispatchRun(SelectionDispatchAction.java:271)
	at org.eclipse.jdt.ui.actions.SelectionDispatchAction.run(SelectionDispatchAction.java:249)
	at org.eclipse.jdt.internal.ui.navigator.OpenAndExpand.run(OpenAndExpand.java:50)
	at org.eclipse.ui.actions.RetargetAction.run(RetargetAction.java:225)
	at org.eclipse.ui.navigator.CommonNavigatorManager$2.open(CommonNavigatorManager.java:191)
	at org.eclipse.ui.OpenAndLinkWithEditorHelper$InternalListener.open(OpenAndLinkWithEditorHelper.java:46)
	at org.eclipse.jface.viewers.StructuredViewer$2.run(StructuredViewer.java:855)
	at org.eclipse.core.runtime.SafeRunner.run(SafeRunner.java:42)
	at org.eclipse.ui.internal.JFaceUtil$1.run(JFaceUtil.java:50)
	at org.eclipse.jface.util.SafeRunnable.run(SafeRunnable.java:173)
	at org.eclipse.jface.viewers.StructuredViewer.fireOpen(StructuredViewer.java:852)
	at org.eclipse.jface.viewers.StructuredViewer.handleOpen(StructuredViewer.java:1169)
	at org.eclipse.ui.navigator.CommonViewer.handleOpen(CommonViewer.java:451)
	at org.eclipse.jface.util.OpenStrategy.fireOpenEvent(OpenStrategy.java:278)
	at org.eclipse.jface.util.OpenStrategy.access$2(OpenStrategy.java:272)
	at org.eclipse.jface.util.OpenStrategy$1.handleEvent(OpenStrategy.java:313)
	at org.eclipse.swt.widgets.EventTable.sendEvent(EventTable.java:84)
	at org.eclipse.swt.widgets.Display.sendEvent(Display.java:4256)
	at org.eclipse.swt.widgets.Widget.sendEvent(Widget.java:1501)
	at org.eclipse.swt.widgets.Widget.sendEvent(Widget.java:1524)
	at org.eclipse.swt.widgets.Widget.sendEvent(Widget.java:1509)
	at org.eclipse.swt.widgets.Widget.notifyListeners(Widget.java:1313)
	at org.eclipse.swt.widgets.Display.runDeferredEvents(Display.java:4080)
	at org.eclipse.swt.widgets.Display.readAndDispatch(Display.java:3706)
	at org.eclipse.e4.ui.internal.workbench.swt.PartRenderingEngine$4.run(PartRenderingEngine.java:1124)
	at org.eclipse.core.databinding.observable.Realm.runWithDefault(Realm.java:336)
	at org.eclipse.e4.ui.internal.workbench.swt.PartRenderingEngine.run(PartRenderingEngine.java:1025)
	at org.eclipse.e4.ui.internal.workbench.E4Workbench.createAndRunUI(E4Workbench.java:150)
	at org.eclipse.ui.internal.Workbench$5.run(Workbench.java:693)
	at org.eclipse.core.databinding.observable.Realm.runWithDefault(Realm.java:336)
	at org.eclipse.ui.internal.Workbench.createAndRunWorkbench(Workbench.java:610)
	at org.eclipse.ui.PlatformUI.createAndRunWorkbench(PlatformUI.java:148)
	at org.eclipse.ui.internal.ide.application.IDEApplication.start(IDEApplication.java:138)
	at org.eclipse.equinox.internal.app.EclipseAppHandle.run(EclipseAppHandle.java:196)
	at org.eclipse.core.runtime.internal.adaptor.EclipseAppLauncher.runApplication(EclipseAppLauncher.java:134)
	at org.eclipse.core.runtime.internal.adaptor.EclipseAppLauncher.start(EclipseAppLauncher.java:104)
	at org.eclipse.core.runtime.adaptor.EclipseStarter.run(EclipseStarter.java:388)
	at org.eclipse.core.runtime.adaptor.EclipseStarter.run(EclipseStarter.java:243)
	at sun.reflect.NativeMethodAccessorImpl.invoke0(Native Method)
	at sun.reflect.NativeMethodAccessorImpl.invoke(NativeMethodAccessorImpl.java:62)
	at sun.reflect.DelegatingMethodAccessorImpl.invoke(DelegatingMethodAccessorImpl.java:43)
	at java.lang.reflect.Method.invoke(Method.java:498)
	at org.eclipse.equinox.launcher.Main.invokeFramework(Main.java:673)
	at org.eclipse.equinox.launcher.Main.basicRun(Main.java:610)
	at org.eclipse.equinox.launcher.Main.run(Main.java:1519)

2021/04/15 16:20:37.981 EDT [1] ! com.ibm.cics.eclipse.common.logging.ToJavaEclipseLogListener.logging() [java.lang.NullPointerException]
java.lang.NullPointerException
	at com.ibm.zosconnect.ui.service.editors.ServiceProjectEditorOverviewPage.refreshPageFromModel(ServiceProjectEditorOverviewPage.java:430)
	at com.ibm.zosconnect.ui.service.editors.ServiceProjectEditorOverviewPage.createFormContent(ServiceProjectEditorOverviewPage.java:367)
	at org.eclipse.ui.forms.editor.FormPage$1.run(FormPage.java:166)
	at org.eclipse.swt.custom.BusyIndicator.showWhile(BusyIndicator.java:70)
	at org.eclipse.ui.forms.editor.FormPage.createPartControl(FormPage.java:163)
	at org.eclipse.ui.forms.editor.FormEditor.pageChange(FormEditor.java:480)
	at org.eclipse.ui.part.MultiPageEditorPart.setActivePage(MultiPageEditorPart.java:1102)
	at org.eclipse.ui.forms.editor.FormEditor.setActivePage(FormEditor.java:614)
	at org.eclipse.ui.part.MultiPageEditorPart.createPartControl(MultiPageEditorPart.java:367)
	at org.eclipse.ui.internal.e4.compatibility.CompatibilityPart.createPartControl(CompatibilityPart.java:150)
	at org.eclipse.ui.internal.e4.compatibility.CompatibilityEditor.createPartControl(CompatibilityEditor.java:99)
	at org.eclipse.ui.internal.e4.compatibility.CompatibilityPart.create(CompatibilityPart.java:340)
	at sun.reflect.GeneratedMethodAccessor90.invoke(Unknown Source)
	at sun.reflect.DelegatingMethodAccessorImpl.invoke(DelegatingMethodAccessorImpl.java:43)
	at java.lang.reflect.Method.invoke(Method.java:498)
	at org.eclipse.e4.core.internal.di.MethodRequestor.execute(MethodRequestor.java:55)
	at org.eclipse.e4.core.internal.di.InjectorImpl.processAnnotated(InjectorImpl.java:966)
	at org.eclipse.e4.core.internal.di.InjectorImpl.processAnnotated(InjectorImpl.java:931)
	at org.eclipse.e4.core.internal.di.InjectorImpl.inject(InjectorImpl.java:151)
	at org.eclipse.e4.core.internal.di.InjectorImpl.internalMake(InjectorImpl.java:375)
	at org.eclipse.e4.core.internal.di.InjectorImpl.make(InjectorImpl.java:294)
	at org.eclipse.e4.core.contexts.ContextInjectionFactory.make(ContextInjectionFactory.java:162)
	at org.eclipse.e4.ui.internal.workbench.ReflectionContributionFactory.createFromBundle(ReflectionContributionFactory.java:105)
	at org.eclipse.e4.ui.internal.workbench.ReflectionContributionFactory.doCreate(ReflectionContributionFactory.java:74)
	at org.eclipse.e4.ui.internal.workbench.ReflectionContributionFactory.create(ReflectionContributionFactory.java:56)
	at org.eclipse.e4.ui.workbench.renderers.swt.ContributedPartRenderer.createWidget(ContributedPartRenderer.java:129)
	at org.eclipse.e4.ui.internal.workbench.swt.PartRenderingEngine.createWidget(PartRenderingEngine.java:978)
	at org.eclipse.e4.ui.internal.workbench.swt.PartRenderingEngine.safeCreateGui(PartRenderingEngine.java:654)
	at org.eclipse.e4.ui.internal.workbench.swt.PartRenderingEngine.safeCreateGui(PartRenderingEngine.java:760)
	at org.eclipse.e4.ui.internal.workbench.swt.PartRenderingEngine.access$0(PartRenderingEngine.java:731)
	at org.eclipse.e4.ui.internal.workbench.swt.PartRenderingEngine$2.run(PartRenderingEngine.java:725)
	at org.eclipse.core.runtime.SafeRunner.run(SafeRunner.java:42)
	at org.eclipse.e4.ui.internal.workbench.swt.PartRenderingEngine.createGui(PartRenderingEngine.java:709)
	at org.eclipse.e4.ui.workbench.renderers.swt.StackRenderer.showTab(StackRenderer.java:1324)
	at org.eclipse.e4.ui.workbench.renderers.swt.LazyStackRenderer$1.handleEvent(LazyStackRenderer.java:72)
	at org.eclipse.e4.ui.services.internal.events.UIEventHandler$1.run(UIEventHandler.java:40)
	at org.eclipse.swt.widgets.Synchronizer.syncExec(Synchronizer.java:233)
	at org.eclipse.ui.internal.UISynchronizer.syncExec(UISynchronizer.java:145)
	at org.eclipse.swt.widgets.Display.syncExec(Display.java:4814)
	at org.eclipse.e4.ui.internal.workbench.swt.E4Application$1.syncExec(E4Application.java:211)
	at org.eclipse.e4.ui.services.internal.events.UIEventHandler.handleEvent(UIEventHandler.java:36)
	at org.eclipse.equinox.internal.event.EventHandlerWrapper.handleEvent(EventHandlerWrapper.java:201)
	at org.eclipse.equinox.internal.event.EventHandlerTracker.dispatchEvent(EventHandlerTracker.java:197)
	at org.eclipse.equinox.internal.event.EventHandlerTracker.dispatchEvent(EventHandlerTracker.java:1)
	at org.eclipse.osgi.framework.eventmgr.EventManager.dispatchEvent(EventManager.java:230)
	at org.eclipse.osgi.framework.eventmgr.ListenerQueue.dispatchEventSynchronous(ListenerQueue.java:148)
	at org.eclipse.equinox.internal.event.EventAdminImpl.dispatchEvent(EventAdminImpl.java:135)
	at org.eclipse.equinox.internal.event.EventAdminImpl.sendEvent(EventAdminImpl.java:78)
	at org.eclipse.equinox.internal.event.EventComponent.sendEvent(EventComponent.java:39)
	at org.eclipse.e4.ui.services.internal.events.EventBroker.send(EventBroker.java:94)
	at org.eclipse.e4.ui.internal.workbench.UIEventPublisher.notifyChanged(UIEventPublisher.java:60)
	at org.eclipse.emf.common.notify.impl.BasicNotifierImpl.eNotify(BasicNotifierImpl.java:374)
	at org.eclipse.e4.ui.model.application.ui.impl.ElementContainerImpl.setSelectedElement(ElementContainerImpl.java:173)
	at org.eclipse.e4.ui.internal.workbench.ModelServiceImpl.showElementInWindow(ModelServiceImpl.java:617)
	at org.eclipse.e4.ui.internal.workbench.ModelServiceImpl.bringToTop(ModelServiceImpl.java:581)
	at org.eclipse.e4.ui.internal.workbench.PartServiceImpl.delegateBringToTop(PartServiceImpl.java:770)
	at org.eclipse.e4.ui.internal.workbench.PartServiceImpl.bringToTop(PartServiceImpl.java:401)
	at org.eclipse.e4.ui.internal.workbench.PartServiceImpl.showPart(PartServiceImpl.java:1248)
	at org.eclipse.ui.internal.WorkbenchPage.busyOpenEditor(WorkbenchPage.java:3261)
	at org.eclipse.ui.internal.WorkbenchPage.access$25(WorkbenchPage.java:3176)
	at org.eclipse.ui.internal.WorkbenchPage$10.run(WorkbenchPage.java:3158)
	at org.eclipse.swt.custom.BusyIndicator.showWhile(BusyIndicator.java:70)
	at org.eclipse.ui.internal.WorkbenchPage.openEditor(WorkbenchPage.java:3153)
	at org.eclipse.ui.internal.WorkbenchPage.openEditor(WorkbenchPage.java:3117)
	at org.eclipse.ui.internal.WorkbenchPage.openEditor(WorkbenchPage.java:3107)
	at org.eclipse.ui.ide.IDE.openEditor(IDE.java:563)
	at org.eclipse.ui.ide.IDE.openEditor(IDE.java:518)
	at org.eclipse.jdt.internal.ui.javaeditor.EditorUtility.openInEditor(EditorUtility.java:360)
	at org.eclipse.jdt.internal.ui.javaeditor.EditorUtility.openInEditor(EditorUtility.java:167)
	at org.eclipse.jdt.ui.actions.OpenAction.run(OpenAction.java:256)
	at org.eclipse.jdt.ui.actions.OpenAction.run(OpenAction.java:221)
	at org.eclipse.jdt.ui.actions.SelectionDispatchAction.dispatchRun(SelectionDispatchAction.java:271)
	at org.eclipse.jdt.ui.actions.SelectionDispatchAction.run(SelectionDispatchAction.java:249)
	at org.eclipse.jdt.internal.ui.navigator.OpenAndExpand.run(OpenAndExpand.java:50)
	at org.eclipse.ui.actions.RetargetAction.run(RetargetAction.java:225)
	at org.eclipse.ui.navigator.CommonNavigatorManager$2.open(CommonNavigatorManager.java:191)
	at org.eclipse.ui.OpenAndLinkWithEditorHelper$InternalListener.open(OpenAndLinkWithEditorHelper.java:46)
	at org.eclipse.jface.viewers.StructuredViewer$2.run(StructuredViewer.java:855)
	at org.eclipse.core.runtime.SafeRunner.run(SafeRunner.java:42)
	at org.eclipse.ui.internal.JFaceUtil$1.run(JFaceUtil.java:50)
	at org.eclipse.jface.util.SafeRunnable.run(SafeRunnable.java:173)
	at org.eclipse.jface.viewers.StructuredViewer.fireOpen(StructuredViewer.java:852)
	at org.eclipse.jface.viewers.StructuredViewer.handleOpen(StructuredViewer.java:1169)
	at org.eclipse.ui.navigator.CommonViewer.handleOpen(CommonViewer.java:451)
	at org.eclipse.jface.util.OpenStrategy.fireOpenEvent(OpenStrategy.java:278)
	at org.eclipse.jface.util.OpenStrategy.access$2(OpenStrategy.java:272)
	at org.eclipse.jface.util.OpenStrategy$1.handleEvent(OpenStrategy.java:313)
	at org.eclipse.swt.widgets.EventTable.sendEvent(EventTable.java:84)
	at org.eclipse.swt.widgets.Display.sendEvent(Display.java:4256)
	at org.eclipse.swt.widgets.Widget.sendEvent(Widget.java:1501)
	at org.eclipse.swt.widgets.Widget.sendEvent(Widget.java:1524)
	at org.eclipse.swt.widgets.Widget.sendEvent(Widget.java:1509)
	at org.eclipse.swt.widgets.Widget.notifyListeners(Widget.java:1313)
	at org.eclipse.swt.widgets.Display.runDeferredEvents(Display.java:4080)
	at org.eclipse.swt.widgets.Display.readAndDispatch(Display.java:3706)
	at org.eclipse.e4.ui.internal.workbench.swt.PartRenderingEngine$4.run(PartRenderingEngine.java:1124)
	at org.eclipse.core.databinding.observable.Realm.runWithDefault(Realm.java:336)
	at org.eclipse.e4.ui.internal.workbench.swt.PartRenderingEngine.run(PartRenderingEngine.java:1025)
	at org.eclipse.e4.ui.internal.workbench.E4Workbench.createAndRunUI(E4Workbench.java:150)
	at org.eclipse.ui.internal.Workbench$5.run(Workbench.java:693)
	at org.eclipse.core.databinding.observable.Realm.runWithDefault(Realm.java:336)
	at org.eclipse.ui.internal.Workbench.createAndRunWorkbench(Workbench.java:610)
	at org.eclipse.ui.PlatformUI.createAndRunWorkbench(PlatformUI.java:148)
	at org.eclipse.ui.internal.ide.application.IDEApplication.start(IDEApplication.java:138)
	at org.eclipse.equinox.internal.app.EclipseAppHandle.run(EclipseAppHandle.java:196)
	at org.eclipse.core.runtime.internal.adaptor.EclipseAppLauncher.runApplication(EclipseAppLauncher.java:134)
	at org.eclipse.core.runtime.internal.adaptor.EclipseAppLauncher.start(EclipseAppLauncher.java:104)
	at org.eclipse.core.runtime.adaptor.EclipseStarter.run(EclipseStarter.java:388)
	at org.eclipse.core.runtime.adaptor.EclipseStarter.run(EclipseStarter.java:243)
	at sun.reflect.NativeMethodAccessorImpl.invoke0(Native Method)
	at sun.reflect.NativeMethodAccessorImpl.invoke(NativeMethodAccessorImpl.java:62)
	at sun.reflect.DelegatingMethodAccessorImpl.invoke(DelegatingMethodAccessorImpl.java:43)
	at java.lang.reflect.Method.invoke(Method.java:498)
	at org.eclipse.equinox.launcher.Main.invokeFramework(Main.java:673)
	at org.eclipse.equinox.launcher.Main.basicRun(Main.java:610)
	at org.eclipse.equinox.launcher.Main.run(Main.java:1519)

2021/04/15 16:20:38.295 EDT [1] ! com.ibm.cics.eclipse.common.logging.ToJavaEclipseLogListener.logging() [org.eclipse.core.internal.resources.ResourceException: File not found: /Users/Jack.Billings@ibm.com/git/test/Services/inquireSingle/service.properties.]
org.eclipse.core.internal.resources.ResourceException: File not found: /Users/Jack.Billings@ibm.com/git/test/Services/inquireSingle/service.properties.
	at org.eclipse.core.internal.localstore.FileSystemResourceManager.read(FileSystemResourceManager.java:840)
	at org.eclipse.core.internal.resources.File.getContents(File.java:277)
	at org.eclipse.core.internal.resources.File.getContents(File.java:268)
	at com.ibm.zosconnect.ui.service.controllers.model.ServiceModelController.loadPropertiesFromServicePropertiesFile(ServiceModelController.java:88)
	at com.ibm.zosconnect.ui.service.editors.ServiceProjectEditor$1.run(ServiceProjectEditor.java:402)
	at org.eclipse.swt.widgets.RunnableLock.run(RunnableLock.java:35)
	at org.eclipse.swt.widgets.Synchronizer.runAsyncMessages(Synchronizer.java:182)
	at org.eclipse.swt.widgets.Display.runAsyncMessages(Display.java:4032)
	at org.eclipse.swt.widgets.Display.readAndDispatch(Display.java:3708)
	at org.eclipse.e4.ui.internal.workbench.swt.PartRenderingEngine$4.run(PartRenderingEngine.java:1124)
	at org.eclipse.core.databinding.observable.Realm.runWithDefault(Realm.java:336)
	at org.eclipse.e4.ui.internal.workbench.swt.PartRenderingEngine.run(PartRenderingEngine.java:1025)
	at org.eclipse.e4.ui.internal.workbench.E4Workbench.createAndRunUI(E4Workbench.java:150)
	at org.eclipse.ui.internal.Workbench$5.run(Workbench.java:693)
	at org.eclipse.core.databinding.observable.Realm.runWithDefault(Realm.java:336)
	at org.eclipse.ui.internal.Workbench.createAndRunWorkbench(Workbench.java:610)
	at org.eclipse.ui.PlatformUI.createAndRunWorkbench(PlatformUI.java:148)
	at org.eclipse.ui.internal.ide.application.IDEApplication.start(IDEApplication.java:138)
	at org.eclipse.equinox.internal.app.EclipseAppHandle.run(EclipseAppHandle.java:196)
	at org.eclipse.core.runtime.internal.adaptor.EclipseAppLauncher.runApplication(EclipseAppLauncher.java:134)
	at org.eclipse.core.runtime.internal.adaptor.EclipseAppLauncher.start(EclipseAppLauncher.java:104)
	at org.eclipse.core.runtime.adaptor.EclipseStarter.run(EclipseStarter.java:388)
	at org.eclipse.core.runtime.adaptor.EclipseStarter.run(EclipseStarter.java:243)
	at sun.reflect.NativeMethodAccessorImpl.invoke0(Native Method)
	at sun.reflect.NativeMethodAccessorImpl.invoke(NativeMethodAccessorImpl.java:62)
	at sun.reflect.DelegatingMethodAccessorImpl.invoke(DelegatingMethodAccessorImpl.java:43)
	at java.lang.reflect.Method.invoke(Method.java:498)
	at org.eclipse.equinox.launcher.Main.invokeFramework(Main.java:673)
	at org.eclipse.equinox.launcher.Main.basicRun(Main.java:610)
	at org.eclipse.equinox.launcher.Main.run(Main.java:1519)

2021/04/15 16:20:38.332 EDT [1] ! com.ibm.cics.eclipse.common.logging.ToJavaEclipseLogListener.logging() [org.eclipse.swt.SWTException: Failed to execute runnable (java.lang.NullPointerException)]
org.eclipse.swt.SWTException: Failed to execute runnable (java.lang.NullPointerException)
	at org.eclipse.swt.SWT.error(SWT.java:4533)
	at org.eclipse.swt.SWT.error(SWT.java:4448)
	at org.eclipse.swt.widgets.Synchronizer.runAsyncMessages(Synchronizer.java:185)
	at org.eclipse.swt.widgets.Display.runAsyncMessages(Display.java:4032)
	at org.eclipse.swt.widgets.Display.readAndDispatch(Display.java:3708)
	at org.eclipse.e4.ui.internal.workbench.swt.PartRenderingEngine$4.run(PartRenderingEngine.java:1124)
	at org.eclipse.core.databinding.observable.Realm.runWithDefault(Realm.java:336)
	at org.eclipse.e4.ui.internal.workbench.swt.PartRenderingEngine.run(PartRenderingEngine.java:1025)
	at org.eclipse.e4.ui.internal.workbench.E4Workbench.createAndRunUI(E4Workbench.java:150)
	at org.eclipse.ui.internal.Workbench$5.run(Workbench.java:693)
	at org.eclipse.core.databinding.observable.Realm.runWithDefault(Realm.java:336)
	at org.eclipse.ui.internal.Workbench.createAndRunWorkbench(Workbench.java:610)
	at org.eclipse.ui.PlatformUI.createAndRunWorkbench(PlatformUI.java:148)
	at org.eclipse.ui.internal.ide.application.IDEApplication.start(IDEApplication.java:138)
	at org.eclipse.equinox.internal.app.EclipseAppHandle.run(EclipseAppHandle.java:196)
	at org.eclipse.core.runtime.internal.adaptor.EclipseAppLauncher.runApplication(EclipseAppLauncher.java:134)
	at org.eclipse.core.runtime.internal.adaptor.EclipseAppLauncher.start(EclipseAppLauncher.java:104)
	at org.eclipse.core.runtime.adaptor.EclipseStarter.run(EclipseStarter.java:388)
	at org.eclipse.core.runtime.adaptor.EclipseStarter.run(EclipseStarter.java:243)
	at sun.reflect.NativeMethodAccessorImpl.invoke0(Native Method)
	at sun.reflect.NativeMethodAccessorImpl.invoke(NativeMethodAccessorImpl.java:62)
	at sun.reflect.DelegatingMethodAccessorImpl.invoke(DelegatingMethodAccessorImpl.java:43)
	at java.lang.reflect.Method.invoke(Method.java:498)
	at org.eclipse.equinox.launcher.Main.invokeFramework(Main.java:673)
	at org.eclipse.equinox.launcher.Main.basicRun(Main.java:610)
	at org.eclipse.equinox.launcher.Main.run(Main.java:1519)
Caused by: java.lang.NullPointerException
	at com.ibm.zosconnect.ui.service.editors.ServiceProjectEditorOverviewPage.refreshPageFromModel(ServiceProjectEditorOverviewPage.java:430)
	at com.ibm.zosconnect.ui.service.editors.ServiceProjectEditor$1.run(ServiceProjectEditor.java:403)
	at org.eclipse.swt.widgets.RunnableLock.run(RunnableLock.java:35)
	at org.eclipse.swt.widgets.Synchronizer.runAsyncMessages(Synchronizer.java:182)
	... 23 more
java.lang.NullPointerException
	at com.ibm.zosconnect.ui.service.editors.ServiceProjectEditorOverviewPage.refreshPageFromModel(ServiceProjectEditorOverviewPage.java:430)
	at com.ibm.zosconnect.ui.service.editors.ServiceProjectEditor$1.run(ServiceProjectEditor.java:403)
	at org.eclipse.swt.widgets.RunnableLock.run(RunnableLock.java:35)
	at org.eclipse.swt.widgets.Synchronizer.runAsyncMessages(Synchronizer.java:182)
	at org.eclipse.swt.widgets.Display.runAsyncMessages(Display.java:4032)
	at org.eclipse.swt.widgets.Display.readAndDispatch(Display.java:3708)
	at org.eclipse.e4.ui.internal.workbench.swt.PartRenderingEngine$4.run(PartRenderingEngine.java:1124)
	at org.eclipse.core.databinding.observable.Realm.runWithDefault(Realm.java:336)
	at org.eclipse.e4.ui.internal.workbench.swt.PartRenderingEngine.run(PartRenderingEngine.java:1025)
	at org.eclipse.e4.ui.internal.workbench.E4Workbench.createAndRunUI(E4Workbench.java:150)
	at org.eclipse.ui.internal.Workbench$5.run(Workbench.java:693)
	at org.eclipse.core.databinding.observable.Realm.runWithDefault(Realm.java:336)
	at org.eclipse.ui.internal.Workbench.createAndRunWorkbench(Workbench.java:610)
	at org.eclipse.ui.PlatformUI.createAndRunWorkbench(PlatformUI.java:148)
	at org.eclipse.ui.internal.ide.application.IDEApplication.start(IDEApplication.java:138)
	at org.eclipse.equinox.internal.app.EclipseAppHandle.run(EclipseAppHandle.java:196)
	at org.eclipse.core.runtime.internal.adaptor.EclipseAppLauncher.runApplication(EclipseAppLauncher.java:134)
	at org.eclipse.core.runtime.internal.adaptor.EclipseAppLauncher.start(EclipseAppLauncher.java:104)
	at org.eclipse.core.runtime.adaptor.EclipseStarter.run(EclipseStarter.java:388)
	at org.eclipse.core.runtime.adaptor.EclipseStarter.run(EclipseStarter.java:243)
	at sun.reflect.NativeMethodAccessorImpl.invoke0(Native Method)
	at sun.reflect.NativeMethodAccessorImpl.invoke(NativeMethodAccessorImpl.java:62)
	at sun.reflect.DelegatingMethodAccessorImpl.invoke(DelegatingMethodAccessorImpl.java:43)
	at java.lang.reflect.Method.invoke(Method.java:498)
	at org.eclipse.equinox.launcher.Main.invokeFramework(Main.java:673)
	at org.eclipse.equinox.launcher.Main.basicRun(Main.java:610)
	at org.eclipse.equinox.launcher.Main.run(Main.java:1519)

