2021-04-12/09:43:22.757/EDT [                    main] TRACE --------- Bundle Info: ----------
name=com.ibm.pdtools.common.component.core
 state=8
 version=14.1.1201.v20201113-0614
 location=reference:file:../SDPShared/plugins/com.ibm.pdtools.common.component.core_14.1.1201.v20201113-0614.jar
 lastModified=1614277357098
 headers=[Archiver-Version=Plexus Archiver, Eclipse-RegisterBuddy=org.apache.log4j, Manifest-Version=1.0, Created-By=Apache Maven 3.5.2, Bundle-Name=Application Delivery Foundation for z Systems, Build-Jdk=1.8.0_151, Bundle-Vendor=Application Delivery Foundation for z Systems, Import-Package=com.ibm.pdtools.common.component.core.base,com.ibm.pdtools.common.component.core.base.auth, Eclipse-BuddyPolicy=registered, Export-Package=com.ibm.pdtools.common.component.core,com.ibm.pdtools.common.component.core.api,com.ibm.pdtools.common.component.core.comms,com.ibm.pdtools.common.component.core.integration,com.ibm.pdtools.common.component.core.logging,com.ibm.pdtools.common.component.core.model,com.ibm.pdtools.common.component.core.product.actions,com.ibm.pdtools.common.component.core.util,com.ibm.pdtools.common.component.core.util.sax, Bundle-ManifestVersion=2, Bundle-SymbolicName=com.ibm.pdtools.common.component.core;singleton:=true, Bundle-Localization=plugin, Bundle-Version=14.1.1201.v20201113-0614, Bundle-ActivationPolicy=lazy, Built-By=SYSTEM, Require-Bundle=com.ibm.pdtools.common.component.jhost;bundle-version="14.1.1201",com.ibm.pdtools.common.component.bidi;bundle-version="14.1.1201",org.eclipse.ui;bundle-version="3.0.0",org.eclipse.core.runtime;bundle-version="3.0.0",org.eclipse.emf.ecore.xmi;bundle-version="2.0.0",com.ibm.cics.core.connections;bundle-version="2.0.0",com.ibm.cics.core.comm;bundle-version="2.0.0",org.eclipse.core.resources;bundle-version="3.0.0",org.eclipse.core.expressions;bundle-version="3.0.0",org.eclipse.jface.text;bundle-version="3.0.0",org.eclipse.ui.editors;bundle-version="3.0.0",org.eclipse.ui.ide;bundle-version="3.0.0",org.eclipse.ui.intro;bundle-version="3.0.0", Bundle-RequiredExecutionEnvironment=JavaSE-1.7, Bundle-ClassPath=., Bundle-Activator=com.ibm.pdtools.common.component.core.PDTCCcore]--------- Bundle Info: ----------
 com.ibm.pdtools.common.component.core.logging.PDLogger.logBundleInfo(PDLogger.java:224)
2021-04-12/09:43:22.762/EDT [                    main] TRACE Application Delivery Foundation for z Systems log file /Users/Jack.Billings@ibm.com/demo_workspace/.metadata/pdtools.log . (created by  <-- com.ibm.pdtools.common.component.core.logging.PDLogger.logToEclipse(PDLogger.java:147)
 <-- com.ibm.pdtools.common.component.jhost.logging.PDLoggerJhost.log(PDLoggerJhost.java:300)
 <-- com.ibm.pdtools.common.component.jhost.logging.PDLoggerJhost.log(PDLoggerJhost.java:253)
 <-- com.ibm.pdtools.common.component.jhost.logging.PDLoggerJhost.trace(PDLoggerJhost.java:345)
 <-- com.ibm.pdtools.common.component.core.logging.PDLogger.logBundleInfo(PDLogger.java:224)
 <-- com.ibm.pdtools.common.component.core.PDTCCcore.start(PDTCCcore.java:86)
 <-- com.ibm.pdtools.common.component.ui.PDTCCui.start(PDTCCui.java:103)
 com.ibm.pdtools.common.component.core.logging.PDLogger.logBundleInfo(PDLogger.java:224)
2021-04-12/09:43:22.773/EDT [                    main] TRACE --------- Bundle Info: ----------
name=com.ibm.pdtools.common.component.ui
 state=8
 version=14.1.1201.v20201113-0614
 location=reference:file:../SDPShared/plugins/com.ibm.pdtools.common.component.ui_14.1.1201.v20201113-0614.jar
 lastModified=1614277357108
 headers=[Archiver-Version=Plexus Archiver, Manifest-Version=1.0, Created-By=Apache Maven 3.5.2, Bundle-Name=Application Delivery Foundation for z Systems Ui extension, Build-Jdk=1.8.0_151, Bundle-Vendor=Application Delivery Foundation for z Systems, Import-Package=com.ibm.pdtools.common.component.core.base.auth, Export-Package=com.ibm.pdtools.common.component.ui,com.ibm.pdtools.common.component.ui.context,com.ibm.pdtools.common.component.ui.dialog,com.ibm.pdtools.common.component.ui.dialog.lookup,com.ibm.pdtools.common.component.ui.logging.action,com.ibm.pdtools.common.component.ui.memento,com.ibm.pdtools.common.component.ui.prefs,com.ibm.pdtools.common.component.ui.util,com.ibm.pdtools.common.component.ui.util.string,com.ibm.pdtools.common.component.ui.views.systems,com.ibm.pdtools.common.component.ui.views.systems.handlers,com.ibm.pdtools.common.component.ui.views.systems.model,com.ibm.pdtools.common.component.ui.views.systems.nodes;uses:="org.eclipse.core.runtime,com.ibm.pdtools.common.component.core.logging",com.ibm.pdtools.common.component.ui.views.systems.properties,com.ibm.pdtools.common.component.ui.widget, Bundle-ManifestVersion=2, Bundle-SymbolicName=com.ibm.pdtools.common.component.ui;singleton:=true, Bundle-Localization=plugin, Bundle-Version=14.1.1201.v20201113-0614, Bundle-ActivationPolicy=lazy, Built-By=SYSTEM, Require-Bundle=com.ibm.pdtools.common.component.jhost;bundle-version="14.1.1201",org.eclipse.core.runtime;bundle-version="3.0.0",org.eclipse.ui.ide;bundle-version="3.0.0",org.eclipse.core.expressions;bundle-version="3.0.0",org.eclipse.core.resources;bundle-version="3.0.0",org.eclipse.ui.editors;bundle-version="3.0.0",org.eclipse.ui.views.properties.tabbed;bundle-version="3.0.0",com.ibm.pdtools.common.component.core;bundle-version="14.1.1201",org.eclipse.jface.text;bundle-version="3.0.0", Bundle-RequiredExecutionEnvironment=JavaSE-1.7, Bundle-Activator=com.ibm.pdtools.common.component.ui.PDTCCui]--------- Bundle Info: ----------
 com.ibm.pdtools.common.component.core.logging.PDLogger.logBundleInfo(PDLogger.java:224)
2021-04-12/09:57:02.191/EDT [                    main] TRACE --------- Bundle Info: ----------
name=com.ibm.pdtools.common.component.core
 state=8
 version=14.1.1201.v20201113-0614
 location=reference:file:../SDPShared/plugins/com.ibm.pdtools.common.component.core_14.1.1201.v20201113-0614.jar
 lastModified=1614277357098
 headers=[Archiver-Version=Plexus Archiver, Eclipse-RegisterBuddy=org.apache.log4j, Manifest-Version=1.0, Created-By=Apache Maven 3.5.2, Bundle-Name=Application Delivery Foundation for z Systems, Build-Jdk=1.8.0_151, Bundle-Vendor=Application Delivery Foundation for z Systems, Import-Package=com.ibm.pdtools.common.component.core.base,com.ibm.pdtools.common.component.core.base.auth, Eclipse-BuddyPolicy=registered, Export-Package=com.ibm.pdtools.common.component.core,com.ibm.pdtools.common.component.core.api,com.ibm.pdtools.common.component.core.comms,com.ibm.pdtools.common.component.core.integration,com.ibm.pdtools.common.component.core.logging,com.ibm.pdtools.common.component.core.model,com.ibm.pdtools.common.component.core.product.actions,com.ibm.pdtools.common.component.core.util,com.ibm.pdtools.common.component.core.util.sax, Bundle-ManifestVersion=2, Bundle-SymbolicName=com.ibm.pdtools.common.component.core;singleton:=true, Bundle-Localization=plugin, Bundle-Version=14.1.1201.v20201113-0614, Bundle-ActivationPolicy=lazy, Built-By=SYSTEM, Require-Bundle=com.ibm.pdtools.common.component.jhost;bundle-version="14.1.1201",com.ibm.pdtools.common.component.bidi;bundle-version="14.1.1201",org.eclipse.ui;bundle-version="3.0.0",org.eclipse.core.runtime;bundle-version="3.0.0",org.eclipse.emf.ecore.xmi;bundle-version="2.0.0",com.ibm.cics.core.connections;bundle-version="2.0.0",com.ibm.cics.core.comm;bundle-version="2.0.0",org.eclipse.core.resources;bundle-version="3.0.0",org.eclipse.core.expressions;bundle-version="3.0.0",org.eclipse.jface.text;bundle-version="3.0.0",org.eclipse.ui.editors;bundle-version="3.0.0",org.eclipse.ui.ide;bundle-version="3.0.0",org.eclipse.ui.intro;bundle-version="3.0.0", Bundle-RequiredExecutionEnvironment=JavaSE-1.7, Bundle-ClassPath=., Bundle-Activator=com.ibm.pdtools.common.component.core.PDTCCcore]--------- Bundle Info: ----------
 com.ibm.pdtools.common.component.core.logging.PDLogger.logBundleInfo(PDLogger.java:224)
2021-04-12/09:57:02.195/EDT [                    main] TRACE Application Delivery Foundation for z Systems log file /Users/Jack.Billings@ibm.com/demo_workspace/.metadata/pdtools.log . (created by  <-- com.ibm.pdtools.common.component.core.logging.PDLogger.logToEclipse(PDLogger.java:147)
 <-- com.ibm.pdtools.common.component.jhost.logging.PDLoggerJhost.log(PDLoggerJhost.java:300)
 <-- com.ibm.pdtools.common.component.jhost.logging.PDLoggerJhost.log(PDLoggerJhost.java:253)
 <-- com.ibm.pdtools.common.component.jhost.logging.PDLoggerJhost.trace(PDLoggerJhost.java:345)
 <-- com.ibm.pdtools.common.component.core.logging.PDLogger.logBundleInfo(PDLogger.java:224)
 <-- com.ibm.pdtools.common.component.core.PDTCCcore.start(PDTCCcore.java:86)
 <-- com.ibm.pdtools.common.component.ui.PDTCCui.start(PDTCCui.java:103)
 com.ibm.pdtools.common.component.core.logging.PDLogger.logBundleInfo(PDLogger.java:224)
2021-04-12/09:57:02.205/EDT [                    main] TRACE --------- Bundle Info: ----------
name=com.ibm.pdtools.common.component.ui
 state=8
 version=14.1.1201.v20201113-0614
 location=reference:file:../SDPShared/plugins/com.ibm.pdtools.common.component.ui_14.1.1201.v20201113-0614.jar
 lastModified=1614277357108
 headers=[Archiver-Version=Plexus Archiver, Manifest-Version=1.0, Created-By=Apache Maven 3.5.2, Bundle-Name=Application Delivery Foundation for z Systems Ui extension, Build-Jdk=1.8.0_151, Bundle-Vendor=Application Delivery Foundation for z Systems, Import-Package=com.ibm.pdtools.common.component.core.base.auth, Export-Package=com.ibm.pdtools.common.component.ui,com.ibm.pdtools.common.component.ui.context,com.ibm.pdtools.common.component.ui.dialog,com.ibm.pdtools.common.component.ui.dialog.lookup,com.ibm.pdtools.common.component.ui.logging.action,com.ibm.pdtools.common.component.ui.memento,com.ibm.pdtools.common.component.ui.prefs,com.ibm.pdtools.common.component.ui.util,com.ibm.pdtools.common.component.ui.util.string,com.ibm.pdtools.common.component.ui.views.systems,com.ibm.pdtools.common.component.ui.views.systems.handlers,com.ibm.pdtools.common.component.ui.views.systems.model,com.ibm.pdtools.common.component.ui.views.systems.nodes;uses:="org.eclipse.core.runtime,com.ibm.pdtools.common.component.core.logging",com.ibm.pdtools.common.component.ui.views.systems.properties,com.ibm.pdtools.common.component.ui.widget, Bundle-ManifestVersion=2, Bundle-SymbolicName=com.ibm.pdtools.common.component.ui;singleton:=true, Bundle-Localization=plugin, Bundle-Version=14.1.1201.v20201113-0614, Bundle-ActivationPolicy=lazy, Built-By=SYSTEM, Require-Bundle=com.ibm.pdtools.common.component.jhost;bundle-version="14.1.1201",org.eclipse.core.runtime;bundle-version="3.0.0",org.eclipse.ui.ide;bundle-version="3.0.0",org.eclipse.core.expressions;bundle-version="3.0.0",org.eclipse.core.resources;bundle-version="3.0.0",org.eclipse.ui.editors;bundle-version="3.0.0",org.eclipse.ui.views.properties.tabbed;bundle-version="3.0.0",com.ibm.pdtools.common.component.core;bundle-version="14.1.1201",org.eclipse.jface.text;bundle-version="3.0.0", Bundle-RequiredExecutionEnvironment=JavaSE-1.7, Bundle-Activator=com.ibm.pdtools.common.component.ui.PDTCCui]--------- Bundle Info: ----------
 com.ibm.pdtools.common.component.core.logging.PDLogger.logBundleInfo(PDLogger.java:224)
2021-04-12/12:24:25.661/EDT [                    main] TRACE --------- Bundle Info: ----------
name=com.ibm.pdtools.common.component.core
 state=8
 version=14.1.1201.v20201113-0614
 location=reference:file:../SDPShared/plugins/com.ibm.pdtools.common.component.core_14.1.1201.v20201113-0614.jar
 lastModified=1614277357098
 headers=[Archiver-Version=Plexus Archiver, Eclipse-RegisterBuddy=org.apache.log4j, Manifest-Version=1.0, Created-By=Apache Maven 3.5.2, Bundle-Name=Application Delivery Foundation for z Systems, Build-Jdk=1.8.0_151, Bundle-Vendor=Application Delivery Foundation for z Systems, Import-Package=com.ibm.pdtools.common.component.core.base,com.ibm.pdtools.common.component.core.base.auth, Eclipse-BuddyPolicy=registered, Export-Package=com.ibm.pdtools.common.component.core,com.ibm.pdtools.common.component.core.api,com.ibm.pdtools.common.component.core.comms,com.ibm.pdtools.common.component.core.integration,com.ibm.pdtools.common.component.core.logging,com.ibm.pdtools.common.component.core.model,com.ibm.pdtools.common.component.core.product.actions,com.ibm.pdtools.common.component.core.util,com.ibm.pdtools.common.component.core.util.sax, Bundle-ManifestVersion=2, Bundle-SymbolicName=com.ibm.pdtools.common.component.core;singleton:=true, Bundle-Localization=plugin, Bundle-Version=14.1.1201.v20201113-0614, Bundle-ActivationPolicy=lazy, Built-By=SYSTEM, Require-Bundle=com.ibm.pdtools.common.component.jhost;bundle-version="14.1.1201",com.ibm.pdtools.common.component.bidi;bundle-version="14.1.1201",org.eclipse.ui;bundle-version="3.0.0",org.eclipse.core.runtime;bundle-version="3.0.0",org.eclipse.emf.ecore.xmi;bundle-version="2.0.0",com.ibm.cics.core.connections;bundle-version="2.0.0",com.ibm.cics.core.comm;bundle-version="2.0.0",org.eclipse.core.resources;bundle-version="3.0.0",org.eclipse.core.expressions;bundle-version="3.0.0",org.eclipse.jface.text;bundle-version="3.0.0",org.eclipse.ui.editors;bundle-version="3.0.0",org.eclipse.ui.ide;bundle-version="3.0.0",org.eclipse.ui.intro;bundle-version="3.0.0", Bundle-RequiredExecutionEnvironment=JavaSE-1.7, Bundle-ClassPath=., Bundle-Activator=com.ibm.pdtools.common.component.core.PDTCCcore]--------- Bundle Info: ----------
 com.ibm.pdtools.common.component.core.logging.PDLogger.logBundleInfo(PDLogger.java:224)
2021-04-12/12:24:25.664/EDT [                    main] TRACE Application Delivery Foundation for z Systems log file /Users/Jack.Billings@ibm.com/demo_workspace/.metadata/pdtools.log . (created by  <-- com.ibm.pdtools.common.component.core.logging.PDLogger.logToEclipse(PDLogger.java:147)
 <-- com.ibm.pdtools.common.component.jhost.logging.PDLoggerJhost.log(PDLoggerJhost.java:300)
 <-- com.ibm.pdtools.common.component.jhost.logging.PDLoggerJhost.log(PDLoggerJhost.java:253)
 <-- com.ibm.pdtools.common.component.jhost.logging.PDLoggerJhost.trace(PDLoggerJhost.java:345)
 <-- com.ibm.pdtools.common.component.core.logging.PDLogger.logBundleInfo(PDLogger.java:224)
 <-- com.ibm.pdtools.common.component.core.PDTCCcore.start(PDTCCcore.java:86)
 <-- com.ibm.pdtools.common.component.ui.PDTCCui.start(PDTCCui.java:103)
 com.ibm.pdtools.common.component.core.logging.PDLogger.logBundleInfo(PDLogger.java:224)
2021-04-12/12:24:25.668/EDT [                    main] TRACE --------- Bundle Info: ----------
name=com.ibm.pdtools.common.component.ui
 state=8
 version=14.1.1201.v20201113-0614
 location=reference:file:../SDPShared/plugins/com.ibm.pdtools.common.component.ui_14.1.1201.v20201113-0614.jar
 lastModified=1614277357108
 headers=[Archiver-Version=Plexus Archiver, Manifest-Version=1.0, Created-By=Apache Maven 3.5.2, Bundle-Name=Application Delivery Foundation for z Systems Ui extension, Build-Jdk=1.8.0_151, Bundle-Vendor=Application Delivery Foundation for z Systems, Import-Package=com.ibm.pdtools.common.component.core.base.auth, Export-Package=com.ibm.pdtools.common.component.ui,com.ibm.pdtools.common.component.ui.context,com.ibm.pdtools.common.component.ui.dialog,com.ibm.pdtools.common.component.ui.dialog.lookup,com.ibm.pdtools.common.component.ui.logging.action,com.ibm.pdtools.common.component.ui.memento,com.ibm.pdtools.common.component.ui.prefs,com.ibm.pdtools.common.component.ui.util,com.ibm.pdtools.common.component.ui.util.string,com.ibm.pdtools.common.component.ui.views.systems,com.ibm.pdtools.common.component.ui.views.systems.handlers,com.ibm.pdtools.common.component.ui.views.systems.model,com.ibm.pdtools.common.component.ui.views.systems.nodes;uses:="org.eclipse.core.runtime,com.ibm.pdtools.common.component.core.logging",com.ibm.pdtools.common.component.ui.views.systems.properties,com.ibm.pdtools.common.component.ui.widget, Bundle-ManifestVersion=2, Bundle-SymbolicName=com.ibm.pdtools.common.component.ui;singleton:=true, Bundle-Localization=plugin, Bundle-Version=14.1.1201.v20201113-0614, Bundle-ActivationPolicy=lazy, Built-By=SYSTEM, Require-Bundle=com.ibm.pdtools.common.component.jhost;bundle-version="14.1.1201",org.eclipse.core.runtime;bundle-version="3.0.0",org.eclipse.ui.ide;bundle-version="3.0.0",org.eclipse.core.expressions;bundle-version="3.0.0",org.eclipse.core.resources;bundle-version="3.0.0",org.eclipse.ui.editors;bundle-version="3.0.0",org.eclipse.ui.views.properties.tabbed;bundle-version="3.0.0",com.ibm.pdtools.common.component.core;bundle-version="14.1.1201",org.eclipse.jface.text;bundle-version="3.0.0", Bundle-RequiredExecutionEnvironment=JavaSE-1.7, Bundle-Activator=com.ibm.pdtools.common.component.ui.PDTCCui]--------- Bundle Info: ----------
 com.ibm.pdtools.common.component.core.logging.PDLogger.logBundleInfo(PDLogger.java:224)
2021-04-12/12:49:23.962/EDT [                    main] TRACE --------- Bundle Info: ----------
name=com.ibm.pdtools.common.component.core
 state=8
 version=14.1.1201.v20201113-0614
 location=reference:file:../SDPShared/plugins/com.ibm.pdtools.common.component.core_14.1.1201.v20201113-0614.jar
 lastModified=1614277357098
 headers=[Archiver-Version=Plexus Archiver, Eclipse-RegisterBuddy=org.apache.log4j, Manifest-Version=1.0, Created-By=Apache Maven 3.5.2, Bundle-Name=Application Delivery Foundation for z Systems, Build-Jdk=1.8.0_151, Bundle-Vendor=Application Delivery Foundation for z Systems, Import-Package=com.ibm.pdtools.common.component.core.base,com.ibm.pdtools.common.component.core.base.auth, Eclipse-BuddyPolicy=registered, Export-Package=com.ibm.pdtools.common.component.core,com.ibm.pdtools.common.component.core.api,com.ibm.pdtools.common.component.core.comms,com.ibm.pdtools.common.component.core.integration,com.ibm.pdtools.common.component.core.logging,com.ibm.pdtools.common.component.core.model,com.ibm.pdtools.common.component.core.product.actions,com.ibm.pdtools.common.component.core.util,com.ibm.pdtools.common.component.core.util.sax, Bundle-ManifestVersion=2, Bundle-SymbolicName=com.ibm.pdtools.common.component.core;singleton:=true, Bundle-Localization=plugin, Bundle-Version=14.1.1201.v20201113-0614, Bundle-ActivationPolicy=lazy, Built-By=SYSTEM, Require-Bundle=com.ibm.pdtools.common.component.jhost;bundle-version="14.1.1201",com.ibm.pdtools.common.component.bidi;bundle-version="14.1.1201",org.eclipse.ui;bundle-version="3.0.0",org.eclipse.core.runtime;bundle-version="3.0.0",org.eclipse.emf.ecore.xmi;bundle-version="2.0.0",com.ibm.cics.core.connections;bundle-version="2.0.0",com.ibm.cics.core.comm;bundle-version="2.0.0",org.eclipse.core.resources;bundle-version="3.0.0",org.eclipse.core.expressions;bundle-version="3.0.0",org.eclipse.jface.text;bundle-version="3.0.0",org.eclipse.ui.editors;bundle-version="3.0.0",org.eclipse.ui.ide;bundle-version="3.0.0",org.eclipse.ui.intro;bundle-version="3.0.0", Bundle-RequiredExecutionEnvironment=JavaSE-1.7, Bundle-ClassPath=., Bundle-Activator=com.ibm.pdtools.common.component.core.PDTCCcore]--------- Bundle Info: ----------
 com.ibm.pdtools.common.component.core.logging.PDLogger.logBundleInfo(PDLogger.java:224)
2021-04-12/12:49:23.965/EDT [                    main] TRACE Application Delivery Foundation for z Systems log file /Users/Jack.Billings@ibm.com/demo_workspace/.metadata/pdtools.log . (created by  <-- com.ibm.pdtools.common.component.core.logging.PDLogger.logToEclipse(PDLogger.java:147)
 <-- com.ibm.pdtools.common.component.jhost.logging.PDLoggerJhost.log(PDLoggerJhost.java:300)
 <-- com.ibm.pdtools.common.component.jhost.logging.PDLoggerJhost.log(PDLoggerJhost.java:253)
 <-- com.ibm.pdtools.common.component.jhost.logging.PDLoggerJhost.trace(PDLoggerJhost.java:345)
 <-- com.ibm.pdtools.common.component.core.logging.PDLogger.logBundleInfo(PDLogger.java:224)
 <-- com.ibm.pdtools.common.component.core.PDTCCcore.start(PDTCCcore.java:86)
 <-- com.ibm.pdtools.common.component.ui.PDTCCui.start(PDTCCui.java:103)
 com.ibm.pdtools.common.component.core.logging.PDLogger.logBundleInfo(PDLogger.java:224)
2021-04-12/12:49:23.973/EDT [                    main] TRACE --------- Bundle Info: ----------
name=com.ibm.pdtools.common.component.ui
 state=8
 version=14.1.1201.v20201113-0614
 location=reference:file:../SDPShared/plugins/com.ibm.pdtools.common.component.ui_14.1.1201.v20201113-0614.jar
 lastModified=1614277357108
 headers=[Archiver-Version=Plexus Archiver, Manifest-Version=1.0, Created-By=Apache Maven 3.5.2, Bundle-Name=Application Delivery Foundation for z Systems Ui extension, Build-Jdk=1.8.0_151, Bundle-Vendor=Application Delivery Foundation for z Systems, Import-Package=com.ibm.pdtools.common.component.core.base.auth, Export-Package=com.ibm.pdtools.common.component.ui,com.ibm.pdtools.common.component.ui.context,com.ibm.pdtools.common.component.ui.dialog,com.ibm.pdtools.common.component.ui.dialog.lookup,com.ibm.pdtools.common.component.ui.logging.action,com.ibm.pdtools.common.component.ui.memento,com.ibm.pdtools.common.component.ui.prefs,com.ibm.pdtools.common.component.ui.util,com.ibm.pdtools.common.component.ui.util.string,com.ibm.pdtools.common.component.ui.views.systems,com.ibm.pdtools.common.component.ui.views.systems.handlers,com.ibm.pdtools.common.component.ui.views.systems.model,com.ibm.pdtools.common.component.ui.views.systems.nodes;uses:="org.eclipse.core.runtime,com.ibm.pdtools.common.component.core.logging",com.ibm.pdtools.common.component.ui.views.systems.properties,com.ibm.pdtools.common.component.ui.widget, Bundle-ManifestVersion=2, Bundle-SymbolicName=com.ibm.pdtools.common.component.ui;singleton:=true, Bundle-Localization=plugin, Bundle-Version=14.1.1201.v20201113-0614, Bundle-ActivationPolicy=lazy, Built-By=SYSTEM, Require-Bundle=com.ibm.pdtools.common.component.jhost;bundle-version="14.1.1201",org.eclipse.core.runtime;bundle-version="3.0.0",org.eclipse.ui.ide;bundle-version="3.0.0",org.eclipse.core.expressions;bundle-version="3.0.0",org.eclipse.core.resources;bundle-version="3.0.0",org.eclipse.ui.editors;bundle-version="3.0.0",org.eclipse.ui.views.properties.tabbed;bundle-version="3.0.0",com.ibm.pdtools.common.component.core;bundle-version="14.1.1201",org.eclipse.jface.text;bundle-version="3.0.0", Bundle-RequiredExecutionEnvironment=JavaSE-1.7, Bundle-Activator=com.ibm.pdtools.common.component.ui.PDTCCui]--------- Bundle Info: ----------
 com.ibm.pdtools.common.component.core.logging.PDLogger.logBundleInfo(PDLogger.java:224)
