2021-04-12/09:43:22.764/EDT [                    main] TRACE -------- Java Environment variables: -------
[PATH=/usr/bin:/bin:/usr/sbin:/sbin]
[SHELL=/bin/bash]
[JAVA_STARTED_ON_FIRST_THREAD_44196=1]
[SQLITE_EXEMPT_PATH_FROM_VNODE_GUARDS=/Users/Jack.Billings@ibm.com/Library/WebKit/Databases]
[USER=Jack.Billings@ibm.com]
[TMPDIR=/var/folders/tc/7tws_t9942s6t2nnv4zwkh_r0000gn/T/]
[SSH_AUTH_SOCK=/private/tmp/com.apple.launchd.ddwXgMTtZK/Listeners]
[DISPLAY=/private/tmp/com.apple.launchd.k7fbE9adSw/org.macosforge.xquartz:0]
[XPC_FLAGS=0x0]
[__CF_USER_TEXT_ENCODING=0x1F5:0x0:0x0]
[LOGNAME=Jack.Billings@ibm.com]
[XPC_SERVICE_NAME=com.ibm.developer.zsystems.14148]
[HOME=/Users/Jack.Billings@ibm.com]
-------- Java Environment variables: -------
 com.ibm.pdtools.common.component.core.logging.PDLogger.logMap(PDLogger.java:243)
2021-04-12/09:43:22.766/EDT [                    main] TRACE -------- Java Properties: -------
[java.vendor=Oracle Corporation]
[osgi.bundles.defaultStartLevel=4]
[org.osgi.supports.framework.extension=true]
[sun.management.compiler=HotSpot 64-Bit Tiered Compilers]
[eclipse.p2.profile=IBM Data Studio com.ibm.sdp.eclipse.ide]
[os.name=Mac OS X]
[sun.boot.class.path=/Applications/IBM/DS4.1.3/jdk/Contents/Home/jre/lib/endorsed/ibmjcefw.jar:/Applications/IBM/DS4.1.3/jdk/Contents/Home/jre/lib/endorsed/ibmsaslfw.jar:/Applications/IBM/DS4.1.3/jdk/Contents/Home/jre/lib/endorsed/ibmcertpathprovider.jar:/Applications/IBM/DS4.1.3/jdk/Contents/Home/jre/lib/endorsed/ibmcertpathfw.jar:/Applications/IBM/DS4.1.3/jdk/Contents/Home/jre/lib/endorsed/ibmjsseprovider2.jar:/Applications/IBM/DS4.1.3/jdk/Contents/Home/jre/lib/endorsed/xml.jar:/Applications/IBM/DS4.1.3/jdk/Contents/Home/jre/lib/endorsed/ibmorbapi.jar:/Applications/IBM/DS4.1.3/jdk/Contents/Home/jre/lib/endorsed/ibmorb.jar:/Applications/IBM/DS4.1.3/jdk/Contents/Home/jre/lib/endorsed/ibmjssefw.jar:/Applications/IBM/DS4.1.3/jdk/Contents/Home/jre/lib/endorsed/ibmsecurity.jar:/Applications/IBM/DS4.1.3/jdk/Contents/Home/jre/lib/endorsed/ibmpkcs.jar:/Applications/IBM/DS4.1.3/jdk/Contents/Home/jre/lib/endorsed/ibmcfw.jar:/Applications/IBM/DS4.1.3/jdk/Contents/Home/jre/lib/endorsed/ibmjgssfw.jar:/Applications/IBM/DS4.1.3/jdk/Contents/Home/jre/lib/endorsed/ibmjgssprovider.jar:/Applications/IBM/DS4.1.3/jdk/Contents/Home/jre/lib/endorsed/ibmext.jar:/Applications/IBM/DS4.1.3/jdk/Contents/Home/jre/lib/resources.jar:/Applications/IBM/DS4.1.3/jdk/Contents/Home/jre/lib/rt.jar:/Applications/IBM/DS4.1.3/jdk/Contents/Home/jre/lib/sunrsasign.jar:/Applications/IBM/DS4.1.3/jdk/Contents/Home/jre/lib/jsse.jar:/Applications/IBM/DS4.1.3/jdk/Contents/Home/jre/lib/jce.jar:/Applications/IBM/DS4.1.3/jdk/Contents/Home/jre/lib/charsets.jar:/Applications/IBM/DS4.1.3/jdk/Contents/Home/jre/lib/jfr.jar:/Applications/IBM/DS4.1.3/jdk/Contents/Home/jre/classes]
[osgi.ws=cocoa]
[java.vm.specification.vendor=Oracle Corporation]
[java.runtime.version=1.8.0_251-b08 09_Apr_2020_06_16 Mac OS X x64(SR6 FP10)]
[osgi.instance.area=file:/Users/Jack.Billings@ibm.com/demo_workspace/]
[org.osgi.framework.uuid=48b13d3a-91e5-4561-aafd-a94a49b4ddb0]
[user.name=Jack.Billings@ibm.com]
[osgi.framework.extensions=reference:file:com.ibm.cds_3.0.1.201410101357.jar,reference:file:org.eclipse.osgi.compatibility.state_1.0.200.v20160504-1419.jar,reference:file:org.eclipse.wst.jsdt.nashorn.extension_1.0.2.v201610280128.jar]
[org.osgi.framework.system.packages=javax.accessibility,javax.activation,javax.activity,javax.annotation,javax.annotation.processing,javax.crypto,javax.crypto.interfaces,javax.crypto.spec,javax.imageio,javax.imageio.event,javax.imageio.metadata,javax.imageio.plugins.bmp,javax.imageio.plugins.jpeg,javax.imageio.spi,javax.imageio.stream,javax.jws,javax.jws.soap,javax.lang.model,javax.lang.model.element,javax.lang.model.type,javax.lang.model.util,javax.management,javax.management.loading,javax.management.modelmbean,javax.management.monitor,javax.management.openmbean,javax.management.relation,javax.management.remote,javax.management.remote.rmi,javax.management.timer,javax.naming,javax.naming.directory,javax.naming.event,javax.naming.ldap,javax.naming.spi,javax.net,javax.net.ssl,javax.print,javax.print.attribute,javax.print.attribute.standard,javax.print.event,javax.rmi,javax.rmi.CORBA,javax.rmi.ssl,javax.script,javax.security.auth,javax.security.auth.callback,javax.security.auth.kerberos,javax.security.auth.login,javax.security.auth.spi,javax.security.auth.x500,javax.security.cert,javax.security.sasl,javax.sound.midi,javax.sound.midi.spi,javax.sound.sampled,javax.sound.sampled.spi,javax.sql,javax.sql.rowset,javax.sql.rowset.serial,javax.sql.rowset.spi,javax.swing,javax.swing.border,javax.swing.colorchooser,javax.swing.event,javax.swing.filechooser,javax.swing.plaf,javax.swing.plaf.basic,javax.swing.plaf.metal,javax.swing.plaf.multi,javax.swing.plaf.nimbus,javax.swing.plaf.synth,javax.swing.table,javax.swing.text,javax.swing.text.html,javax.swing.text.html.parser,javax.swing.text.rtf,javax.swing.tree,javax.swing.undo,javax.tools,javax.transaction,javax.transaction.xa,javax.xml,javax.xml.bind,javax.xml.bind.annotation,javax.xml.bind.annotation.adapters,javax.xml.bind.attachment,javax.xml.bind.helpers,javax.xml.bind.util,javax.xml.crypto,javax.xml.crypto.dom,javax.xml.crypto.dsig,javax.xml.crypto.dsig.dom,javax.xml.crypto.dsig.keyinfo,javax.xml.crypto.dsig.spec,javax.xml.datatype,javax.xml.namespace,javax.xml.parsers,javax.xml.soap,javax.xml.stream,javax.xml.stream.events,javax.xml.stream.util,javax.xml.transform,javax.xml.transform.dom,javax.xml.transform.sax,javax.xml.transform.stax,javax.xml.transform.stream,javax.xml.validation,javax.xml.ws,javax.xml.ws.handler,javax.xml.ws.handler.soap,javax.xml.ws.http,javax.xml.ws.soap,javax.xml.ws.spi,javax.xml.ws.spi.http,javax.xml.ws.wsaddressing,javax.xml.xpath,org.ietf.jgss,org.omg.CORBA,org.omg.CORBA_2_3,org.omg.CORBA_2_3.portable,org.omg.CORBA.DynAnyPackage,org.omg.CORBA.ORBPackage,org.omg.CORBA.portable,org.omg.CORBA.TypeCodePackage,org.omg.CosNaming,org.omg.CosNaming.NamingContextExtPackage,org.omg.CosNaming.NamingContextPackage,org.omg.Dynamic,org.omg.DynamicAny,org.omg.DynamicAny.DynAnyFactoryPackage,org.omg.DynamicAny.DynAnyPackage,org.omg.IOP,org.omg.IOP.CodecFactoryPackage,org.omg.IOP.CodecPackage,org.omg.Messaging,org.omg.PortableInterceptor,org.omg.PortableInterceptor.ORBInitInfoPackage,org.omg.PortableServer,org.omg.PortableServer.CurrentPackage,org.omg.PortableServer.POAManagerPackage,org.omg.PortableServer.POAPackage,org.omg.PortableServer.portable,org.omg.PortableServer.ServantLocatorPackage,org.omg.SendingContext,org.omg.stub.java.rmi,org.w3c.dom,org.w3c.dom.bootstrap,org.w3c.dom.css,org.w3c.dom.events,org.w3c.dom.html,org.w3c.dom.ls,org.w3c.dom.ranges,org.w3c.dom.stylesheets,org.w3c.dom.traversal,org.w3c.dom.views,org.w3c.dom.xpath,org.xml.sax,org.xml.sax.ext,org.xml.sax.helpers]
[eclipse.launcher=/Applications/IBM/DS4.1.3/Eclipse.app/Contents/MacOS/eclipse]
[eclipse.launcher.name=Eclipse]
[org.eclipse.swt.internal.deviceZoom=200]
[org.osgi.framework.language=en]
[osgi.frameworkClassPath=., file:/Applications/IBM/DS4.1.3/../SDPShared/plugins/com.ibm.cds_3.0.1.201410101357.jar, file:/Applications/IBM/DS4.1.3/../SDPShared/plugins/org.eclipse.osgi.compatibility.state_1.0.200.v20160504-1419.jar, file:/Applications/IBM/DS4.1.3/../SDPShared/plugins/org.eclipse.wst.jsdt.nashorn.extension_1.0.2.v201610280128.jar]
[equinox.use.ds=true]
[org.eclipse.equinox.launcher.splash.handle=4296091264]
[help.type.default=]
[user.language=en]
[org.osgi.framework.processor=x86-64]
[osgi.compatibility.bootdelegation.default=true]
[osgi.syspath=/Applications/IBM/DS4.1.3/../SDPShared/plugins]
[sun.boot.library.path=/Applications/IBM/DS4.1.3/jdk/Contents/Home/jre/lib]
[org.osgi.framework.system.capabilities=osgi.ee; osgi.ee="OSGi/Minimum"; version:List<Version>="1.0, 1.1, 1.2",osgi.ee; osgi.ee="JRE"; version:List<Version>="1.0, 1.1",osgi.ee; osgi.ee="JavaSE"; version:List<Version>="1.0, 1.1, 1.2, 1.3, 1.4, 1.5, 1.6, 1.7, 1.8",osgi.ee; osgi.ee="JavaSE/compact1"; version:List<Version>="1.8",osgi.ee; osgi.ee="JavaSE/compact2"; version:List<Version>="1.8",osgi.ee; osgi.ee="JavaSE/compact3"; version:List<Version>="1.8"]
[osgi.compatibility.bootdelegation=true]
[eof=eof]
[osgi.framework.override.user=true]
[java.version=1.8.0_251]
[org.osgi.framework.os.name=MacOSX]
[user.timezone=America/Detroit]
[sun.arch.data.model=64]
[osgi.bundles=reference:file:com.ibm.cds_3.0.1.201410101357.jar,reference:file:org.eclipse.osgi.compatibility.state_1.0.200.v20160504-1419.jar,reference:file:org.eclipse.wst.jsdt.nashorn.extension_1.0.2.v201610280128.jar,reference:file:org.eclipse.equinox.simpleconfigurator_1.1.200.v20160504-1450.jar@1:start]
[java.endorsed.dirs=/Applications/IBM/DS4.1.3/jdk/Contents/Home/jre/lib/endorsed]
[osgi.tracefile=/Users/Jack.Billings@ibm.com/demo_workspace/.metadata/trace.log]
[sun.cpu.isalist=]
[sun.jnu.encoding=UTF-8]
[eclipse.application=org.eclipse.ui.ide.workbench]
[file.encoding.pkg=sun.io]
[equinox.init.uuid=true]
[org.osgi.framework.vendor=Eclipse]
[file.separator=/]
[java.specification.name=Java Platform API Specification]
[java.class.version=52.0]
[user.country=US]
[org.eclipse.equinox.launcher.splash.location=/Users/Jack.Billings@ibm.com/.eclipse/org.eclipse.platform_4.6.3_1141888373_macosx_cocoa_x86_64/configuration/org.eclipse.equinox.launcher/com.ibm.datastudio.consolidated.product_1.1.300.v20190828_0941/splash.bmp]
[osgi.launcherIni=eclipse]
[java.home=/Applications/IBM/DS4.1.3/jdk/Contents/Home/jre]
[osgi.os=macosx]
[help.war=/Applications/IBM/DS4.1.3/help/help.war]
[eclipse.commands=-osmacosx-wscocoa-archx86_64-showsplash-launcher/Applications/IBM/DS4.1.3/Eclipse.app/Contents/MacOS/eclipse-nameEclipse--launcher.library/Applications/IBM/DS4.1.3/Eclipse.app/Contents/MacOS/../../../plugins/org.eclipse.equinox.launcher.cocoa.macosx.x86_64_1.1.401.v20181126-0707/eclipse_1618.so-startup/Applications/IBM/DS4.1.3/Eclipse.app/Contents/MacOS/../../../plugins/org.eclipse.equinox.launcher_1.3.201.v20161025-1711.jar--launcher.overrideVmargs-keyring/Users/Jack.Billings@ibm.com/.eclipse_keyring-showlocation-vm/Applications/IBM/DS4.1.3/jdk/Contents/Home/jre/bin/../lib/server/libjvm.dylib]
[java.vm.info=mixed mode]
[osgi.splashLocation=/Users/Jack.Billings@ibm.com/.eclipse/org.eclipse.platform_4.6.3_1141888373_macosx_cocoa_x86_64/configuration/org.eclipse.equinox.launcher/com.ibm.datastudio.consolidated.product_1.1.300.v20190828_0941/splash.bmp]
[os.version=10.15.5]
[osgi.arch=x86_64]
[org.eclipse.emf.ecore.EPackage.Registry.INSTANCE=org.eclipse.emf.ecore.impl.EPackageRegistryImpl]
[osgi.sharedConfiguration.area=file:/Applications/IBM/DS4.1.3/configuration/]
[path.separator=:]
[osgi.framework.extensions.override.user=true]
[java.vm.version=25.251-b08]
[org.osgi.supports.framework.fragment=true]
[osgi.framework.shape=jar]
[osgi.instance.area.default=file:/Users/Jack.Billings@ibm.com/workspace/]
[osgi.bundles.override.user=true]
[java.awt.printerjob=sun.lwawt.macosx.CPrinterJob]
[sun.io.unicode.encoding=UnicodeBig]
[org.osgi.framework.version=1.8.0]
[awt.toolkit=sun.lwawt.macosx.LWCToolkit]
[eclipse.stateSaveDelayInterval=30000]
[osgi.install.area=file:/Applications/IBM/DS4.1.3/]
[osgi.framework=file:/Applications/IBM/DS4.1.3/../SDPShared/plugins/org.eclipse.osgi_3.11.4.v20191007-1806.jar]
[user.home=/Users/Jack.Billings@ibm.com]
[org.eclipse.equinox.simpleconfigurator.configUrl=file:org.eclipse.equinox.simpleconfigurator/bundles.info]
[osgi.framework.useSystemProperties=true]
[osgi.splashPath=file:/Applications/IBM/SDPShared/plugins/com.ibm.datastudio.consolidated.product,file:/Applications/IBM/SDPShared/plugins/com.ibm.datastudio.consolidated.product.nl1,file:/Applications/IBM/SDPShared/plugins/com.ibm.datastudio.consolidated.product.nl2,file:/Applications/IBM/SDPShared/plugins/com.ibm.rational.developer.systemz.product,file:/Applications/IBM/SDPShared/plugins/com.ibm.rational.developer.systemz.product.nl1,file:/Applications/IBM/SDPShared/plugins/com.ibm.zeus.branding,file:/Applications/IBM/SDPShared/plugins/com.ibm.team.concert_3.1.2000.v20200220_1952.jar,file:/Applications/IBM/SDPShared/plugins/com.ibm.team.concert.nl1_3.1.19.v201910300835.jar,file:/Applications/IBM/SDPShared/plugins/com.ibm.team.concert.nl2_3.1.19.v201910260154.jar,file:/Applications/IBM/SDPShared/plugins/com.ibm.team.concert.nl2a_3.1.19.v201910260205.jar]
[osgi.nl=en_US]
[java.specification.vendor=Oracle Corporation]
[java.library.path=/Users/Jack.Billings@ibm.com/Library/Java/Extensions:/Library/Java/Extensions:/Network/Library/Java/Extensions:/System/Library/Java/Extensions:/usr/lib/java:.]
[java.vendor.url=http://java.oracle.com/]
[osgi.bundlefile.limit=100]
[org.osgi.framework.os.version=10.15.5]
[eclipse.p2.data.area=@config.dir/../p2/]
[eclipse.startTime=1618234931904]
[java.vm.vendor=Oracle Corporation]
[gopherProxySet=false]
[java.runtime.name=Java(TM) 2 Runtime Environment, Standard Edition]
[java.class.path=/Applications/IBM/DS4.1.3/Eclipse.app/Contents/MacOS/../../../plugins/org.eclipse.equinox.launcher_1.3.201.v20161025-1711.jar]
[org.eclipse.update.reconcile=false]
[eclipse.vm=/Applications/IBM/DS4.1.3/jdk/Contents/Home/jre/bin/../lib/server/libjvm.dylib]
[java.vm.specification.name=Java Virtual Machine Specification]
[java.vm.specification.version=1.8]
[osgi.launcherPath=/Applications/IBM/DS4.1.3/Eclipse.app/Contents/MacOS]
[sun.cpu.endian=little]
[sun.os.patch.level=unknown]
[gosh.args=--nointeractive]
[java.io.tmpdir=/var/folders/tc/7tws_t9942s6t2nnv4zwkh_r0000gn/T/]
[applicationXMI=org.eclipse.ui.workbench/LegacyIDE.e4xmi]
[java.vendor.url.bug=http://bugreport.sun.com/bugreport/]
[cic.appDataLocation=/private/var/ibm/InstallationManager]
[eclipse.product=com.ibm.datastudio.consolidated.product.ide]
[eclipse.home.location=file:/Applications/IBM/DS4.1.3/]
[os.arch=x86_64]
[java.awt.graphicsenv=sun.awt.CGraphicsEnvironment]
[java.ext.dirs=/Users/Jack.Billings@ibm.com/Library/Java/Extensions:/Applications/IBM/DS4.1.3/jdk/Contents/Home/jre/lib/ext:/Library/Java/Extensions:/Network/Library/Java/Extensions:/System/Library/Java/Extensions:/usr/lib/java]
[user.dir=/Applications/IBM/DS4.1.3/Eclipse.app/Contents/MacOS]
[org.osgi.supports.framework.requirebundle=true]
[line.separator=]
[java.vm.name=Java HotSpot(TM) 64-Bit Server VM]
[file.encoding=UTF-8]
[help.URL.default=]
[eclipse.vmargs=-Djava.class.path=/Applications/IBM/DS4.1.3/Eclipse.app/Contents/MacOS/../../../plugins/org.eclipse.equinox.launcher_1.3.201.v20161025-1711.jar]
[java.specification.version=1.8]
[org.osgi.framework.executionenvironment=OSGi/Minimum-1.0,OSGi/Minimum-1.1,OSGi/Minimum-1.2,JavaSE/compact1-1.8,JavaSE/compact2-1.8,JavaSE/compact3-1.8,JRE-1.1,J2SE-1.2,J2SE-1.3,J2SE-1.4,J2SE-1.5,JavaSE-1.6,JavaSE-1.7,JavaSE-1.8]
[osgi.logfile=/Users/Jack.Billings@ibm.com/demo_workspace/.metadata/.log]
[osgi.configuration.area=file:/Users/Jack.Billings@ibm.com/.eclipse/org.eclipse.platform_4.6.3_1141888373_macosx_cocoa_x86_64/configuration/]
-------- Java Properties: -------
 com.ibm.pdtools.common.component.core.logging.PDLogger.logMap(PDLogger.java:243)
2021-04-12/09:57:02.197/EDT [                    main] TRACE -------- Java Environment variables: -------
[PATH=/usr/bin:/bin:/usr/sbin:/sbin]
[SHELL=/bin/bash]
[JAVA_STARTED_ON_FIRST_THREAD_44196=1]
[SQLITE_EXEMPT_PATH_FROM_VNODE_GUARDS=/Users/Jack.Billings@ibm.com/Library/WebKit/Databases]
[USER=Jack.Billings@ibm.com]
[TMPDIR=/var/folders/tc/7tws_t9942s6t2nnv4zwkh_r0000gn/T/]
[JAVA_STARTED_ON_FIRST_THREAD_44658=1]
[SSH_AUTH_SOCK=/private/tmp/com.apple.launchd.ddwXgMTtZK/Listeners]
[DISPLAY=/private/tmp/com.apple.launchd.k7fbE9adSw/org.macosforge.xquartz:0]
[XPC_FLAGS=0x0]
[__CF_USER_TEXT_ENCODING=0x1F5:0x0:0x0]
[LOGNAME=Jack.Billings@ibm.com]
[XPC_SERVICE_NAME=0]
[JAVA_STARTED_ON_FIRST_THREAD_44721=1]
[HOME=/Users/Jack.Billings@ibm.com]
-------- Java Environment variables: -------
 com.ibm.pdtools.common.component.core.logging.PDLogger.logMap(PDLogger.java:243)
2021-04-12/09:57:02.198/EDT [                    main] TRACE -------- Java Properties: -------
[java.vendor=Oracle Corporation]
[osgi.bundles.defaultStartLevel=4]
[org.osgi.supports.framework.extension=true]
[sun.management.compiler=HotSpot 64-Bit Tiered Compilers]
[eclipse.p2.profile=IBM Data Studio com.ibm.sdp.eclipse.ide]
[os.name=Mac OS X]
[sun.boot.class.path=/Applications/IBM/DS4.1.3/jdk/Contents/Home/jre/lib/endorsed/ibmjcefw.jar:/Applications/IBM/DS4.1.3/jdk/Contents/Home/jre/lib/endorsed/ibmsaslfw.jar:/Applications/IBM/DS4.1.3/jdk/Contents/Home/jre/lib/endorsed/ibmcertpathprovider.jar:/Applications/IBM/DS4.1.3/jdk/Contents/Home/jre/lib/endorsed/ibmcertpathfw.jar:/Applications/IBM/DS4.1.3/jdk/Contents/Home/jre/lib/endorsed/ibmjsseprovider2.jar:/Applications/IBM/DS4.1.3/jdk/Contents/Home/jre/lib/endorsed/xml.jar:/Applications/IBM/DS4.1.3/jdk/Contents/Home/jre/lib/endorsed/ibmorbapi.jar:/Applications/IBM/DS4.1.3/jdk/Contents/Home/jre/lib/endorsed/ibmorb.jar:/Applications/IBM/DS4.1.3/jdk/Contents/Home/jre/lib/endorsed/ibmjssefw.jar:/Applications/IBM/DS4.1.3/jdk/Contents/Home/jre/lib/endorsed/ibmsecurity.jar:/Applications/IBM/DS4.1.3/jdk/Contents/Home/jre/lib/endorsed/ibmpkcs.jar:/Applications/IBM/DS4.1.3/jdk/Contents/Home/jre/lib/endorsed/ibmcfw.jar:/Applications/IBM/DS4.1.3/jdk/Contents/Home/jre/lib/endorsed/ibmjgssfw.jar:/Applications/IBM/DS4.1.3/jdk/Contents/Home/jre/lib/endorsed/ibmjgssprovider.jar:/Applications/IBM/DS4.1.3/jdk/Contents/Home/jre/lib/endorsed/ibmext.jar:/Applications/IBM/DS4.1.3/jdk/Contents/Home/jre/lib/resources.jar:/Applications/IBM/DS4.1.3/jdk/Contents/Home/jre/lib/rt.jar:/Applications/IBM/DS4.1.3/jdk/Contents/Home/jre/lib/sunrsasign.jar:/Applications/IBM/DS4.1.3/jdk/Contents/Home/jre/lib/jsse.jar:/Applications/IBM/DS4.1.3/jdk/Contents/Home/jre/lib/jce.jar:/Applications/IBM/DS4.1.3/jdk/Contents/Home/jre/lib/charsets.jar:/Applications/IBM/DS4.1.3/jdk/Contents/Home/jre/lib/jfr.jar:/Applications/IBM/DS4.1.3/jdk/Contents/Home/jre/classes]
[osgi.ws=cocoa]
[java.vm.specification.vendor=Oracle Corporation]
[java.runtime.version=1.8.0_251-b08 09_Apr_2020_06_16 Mac OS X x64(SR6 FP10)]
[osgi.instance.area=file:/Users/Jack.Billings@ibm.com/demo_workspace/]
[org.osgi.framework.uuid=c62117e4-cded-46b8-8f57-488de07882eb]
[user.name=Jack.Billings@ibm.com]
[osgi.framework.extensions=reference:file:com.ibm.cds_3.0.1.201410101357.jar,reference:file:org.eclipse.osgi.compatibility.state_1.0.200.v20160504-1419.jar,reference:file:org.eclipse.wst.jsdt.nashorn.extension_1.0.2.v201610280128.jar]
[org.osgi.framework.system.packages=javax.accessibility,javax.activation,javax.activity,javax.annotation,javax.annotation.processing,javax.crypto,javax.crypto.interfaces,javax.crypto.spec,javax.imageio,javax.imageio.event,javax.imageio.metadata,javax.imageio.plugins.bmp,javax.imageio.plugins.jpeg,javax.imageio.spi,javax.imageio.stream,javax.jws,javax.jws.soap,javax.lang.model,javax.lang.model.element,javax.lang.model.type,javax.lang.model.util,javax.management,javax.management.loading,javax.management.modelmbean,javax.management.monitor,javax.management.openmbean,javax.management.relation,javax.management.remote,javax.management.remote.rmi,javax.management.timer,javax.naming,javax.naming.directory,javax.naming.event,javax.naming.ldap,javax.naming.spi,javax.net,javax.net.ssl,javax.print,javax.print.attribute,javax.print.attribute.standard,javax.print.event,javax.rmi,javax.rmi.CORBA,javax.rmi.ssl,javax.script,javax.security.auth,javax.security.auth.callback,javax.security.auth.kerberos,javax.security.auth.login,javax.security.auth.spi,javax.security.auth.x500,javax.security.cert,javax.security.sasl,javax.sound.midi,javax.sound.midi.spi,javax.sound.sampled,javax.sound.sampled.spi,javax.sql,javax.sql.rowset,javax.sql.rowset.serial,javax.sql.rowset.spi,javax.swing,javax.swing.border,javax.swing.colorchooser,javax.swing.event,javax.swing.filechooser,javax.swing.plaf,javax.swing.plaf.basic,javax.swing.plaf.metal,javax.swing.plaf.multi,javax.swing.plaf.nimbus,javax.swing.plaf.synth,javax.swing.table,javax.swing.text,javax.swing.text.html,javax.swing.text.html.parser,javax.swing.text.rtf,javax.swing.tree,javax.swing.undo,javax.tools,javax.transaction,javax.transaction.xa,javax.xml,javax.xml.bind,javax.xml.bind.annotation,javax.xml.bind.annotation.adapters,javax.xml.bind.attachment,javax.xml.bind.helpers,javax.xml.bind.util,javax.xml.crypto,javax.xml.crypto.dom,javax.xml.crypto.dsig,javax.xml.crypto.dsig.dom,javax.xml.crypto.dsig.keyinfo,javax.xml.crypto.dsig.spec,javax.xml.datatype,javax.xml.namespace,javax.xml.parsers,javax.xml.soap,javax.xml.stream,javax.xml.stream.events,javax.xml.stream.util,javax.xml.transform,javax.xml.transform.dom,javax.xml.transform.sax,javax.xml.transform.stax,javax.xml.transform.stream,javax.xml.validation,javax.xml.ws,javax.xml.ws.handler,javax.xml.ws.handler.soap,javax.xml.ws.http,javax.xml.ws.soap,javax.xml.ws.spi,javax.xml.ws.spi.http,javax.xml.ws.wsaddressing,javax.xml.xpath,org.ietf.jgss,org.omg.CORBA,org.omg.CORBA_2_3,org.omg.CORBA_2_3.portable,org.omg.CORBA.DynAnyPackage,org.omg.CORBA.ORBPackage,org.omg.CORBA.portable,org.omg.CORBA.TypeCodePackage,org.omg.CosNaming,org.omg.CosNaming.NamingContextExtPackage,org.omg.CosNaming.NamingContextPackage,org.omg.Dynamic,org.omg.DynamicAny,org.omg.DynamicAny.DynAnyFactoryPackage,org.omg.DynamicAny.DynAnyPackage,org.omg.IOP,org.omg.IOP.CodecFactoryPackage,org.omg.IOP.CodecPackage,org.omg.Messaging,org.omg.PortableInterceptor,org.omg.PortableInterceptor.ORBInitInfoPackage,org.omg.PortableServer,org.omg.PortableServer.CurrentPackage,org.omg.PortableServer.POAManagerPackage,org.omg.PortableServer.POAPackage,org.omg.PortableServer.portable,org.omg.PortableServer.ServantLocatorPackage,org.omg.SendingContext,org.omg.stub.java.rmi,org.w3c.dom,org.w3c.dom.bootstrap,org.w3c.dom.css,org.w3c.dom.events,org.w3c.dom.html,org.w3c.dom.ls,org.w3c.dom.ranges,org.w3c.dom.stylesheets,org.w3c.dom.traversal,org.w3c.dom.views,org.w3c.dom.xpath,org.xml.sax,org.xml.sax.ext,org.xml.sax.helpers]
[eclipse.launcher=/Applications/IBM/DS4.1.3/Eclipse.app/Contents/MacOS/eclipse]
[eclipse.launcher.name=Eclipse]
[org.eclipse.swt.internal.deviceZoom=200]
[org.osgi.framework.language=en]
[osgi.frameworkClassPath=., file:/Applications/IBM/DS4.1.3/../SDPShared/plugins/com.ibm.cds_3.0.1.201410101357.jar, file:/Applications/IBM/DS4.1.3/../SDPShared/plugins/org.eclipse.osgi.compatibility.state_1.0.200.v20160504-1419.jar, file:/Applications/IBM/DS4.1.3/../SDPShared/plugins/org.eclipse.wst.jsdt.nashorn.extension_1.0.2.v201610280128.jar]
[equinox.use.ds=true]
[org.eclipse.equinox.launcher.splash.handle=4299268400]
[help.type.default=]
[user.language=en]
[org.osgi.framework.processor=x86-64]
[osgi.compatibility.bootdelegation.default=true]
[osgi.syspath=/Applications/IBM/DS4.1.3/../SDPShared/plugins]
[sun.boot.library.path=/Applications/IBM/DS4.1.3/jdk/Contents/Home/jre/lib]
[org.osgi.framework.system.capabilities=osgi.ee; osgi.ee="OSGi/Minimum"; version:List<Version>="1.0, 1.1, 1.2",osgi.ee; osgi.ee="JRE"; version:List<Version>="1.0, 1.1",osgi.ee; osgi.ee="JavaSE"; version:List<Version>="1.0, 1.1, 1.2, 1.3, 1.4, 1.5, 1.6, 1.7, 1.8",osgi.ee; osgi.ee="JavaSE/compact1"; version:List<Version>="1.8",osgi.ee; osgi.ee="JavaSE/compact2"; version:List<Version>="1.8",osgi.ee; osgi.ee="JavaSE/compact3"; version:List<Version>="1.8"]
[osgi.compatibility.bootdelegation=true]
[eof=eof]
[osgi.framework.override.user=true]
[java.version=1.8.0_251]
[org.osgi.framework.os.name=MacOSX]
[user.timezone=America/Detroit]
[sun.arch.data.model=64]
[osgi.bundles=reference:file:com.ibm.cds_3.0.1.201410101357.jar,reference:file:org.eclipse.osgi.compatibility.state_1.0.200.v20160504-1419.jar,reference:file:org.eclipse.wst.jsdt.nashorn.extension_1.0.2.v201610280128.jar,reference:file:org.eclipse.equinox.simpleconfigurator_1.1.200.v20160504-1450.jar@1:start]
[java.endorsed.dirs=/Applications/IBM/DS4.1.3/jdk/Contents/Home/jre/lib/endorsed]
[osgi.tracefile=/Users/Jack.Billings@ibm.com/demo_workspace/.metadata/trace.log]
[sun.cpu.isalist=]
[sun.jnu.encoding=UTF-8]
[eclipse.application=org.eclipse.ui.ide.workbench]
[file.encoding.pkg=sun.io]
[equinox.init.uuid=true]
[org.osgi.framework.vendor=Eclipse]
[file.separator=/]
[java.specification.name=Java Platform API Specification]
[java.class.version=52.0]
[user.country=US]
[org.eclipse.equinox.launcher.splash.location=/Users/Jack.Billings@ibm.com/.eclipse/org.eclipse.platform_4.6.3_1141888373_macosx_cocoa_x86_64/configuration/org.eclipse.equinox.launcher/com.ibm.datastudio.consolidated.product_1.1.300.v20190828_0941/splash.bmp]
[osgi.launcherIni=eclipse]
[java.home=/Applications/IBM/DS4.1.3/jdk/Contents/Home/jre]
[osgi.os=macosx]
[help.war=/Applications/IBM/DS4.1.3/help/help.war]
[eclipse.commands=-osmacosx-wscocoa-archx86_64-showsplash-launcher/Applications/IBM/DS4.1.3/Eclipse.app/Contents/MacOS/eclipse-nameEclipse--launcher.library/Applications/IBM/DS4.1.3/Eclipse.app/Contents/MacOS/../../../plugins/org.eclipse.equinox.launcher.cocoa.macosx.x86_64_1.1.401.v20181126-0707/eclipse_1618.so-startup/Applications/IBM/DS4.1.3/Eclipse.app/Contents/MacOS/../../../plugins/org.eclipse.equinox.launcher_1.3.201.v20161025-1711.jar--launcher.overrideVmargs-launcher/Applications/IBM/DS4.1.3/Eclipse.app/Contents/MacOS/eclipse-data/Users/Jack.Billings@ibm.com/demo_workspace-launcher/Applications/IBM/DS4.1.3/Eclipse.app/Contents/MacOS/eclipse-keyring/Users/Jack.Billings@ibm.com/.eclipse_keyring-showlocation-vm/Applications/IBM/DS4.1.3/jdk/Contents/Home/jre/lib/server/libjvm.dylib]
[java.vm.info=mixed mode]
[osgi.splashLocation=/Users/Jack.Billings@ibm.com/.eclipse/org.eclipse.platform_4.6.3_1141888373_macosx_cocoa_x86_64/configuration/org.eclipse.equinox.launcher/com.ibm.datastudio.consolidated.product_1.1.300.v20190828_0941/splash.bmp]
[os.version=10.15.5]
[osgi.arch=x86_64]
[org.eclipse.emf.ecore.EPackage.Registry.INSTANCE=org.eclipse.emf.ecore.impl.EPackageRegistryImpl]
[osgi.sharedConfiguration.area=file:/Applications/IBM/DS4.1.3/configuration/]
[path.separator=:]
[osgi.framework.extensions.override.user=true]
[java.vm.version=25.251-b08]
[org.osgi.supports.framework.fragment=true]
[osgi.framework.shape=jar]
[osgi.instance.area.default=file:/Users/Jack.Billings@ibm.com/workspace/]
[osgi.bundles.override.user=true]
[java.awt.printerjob=sun.lwawt.macosx.CPrinterJob]
[sun.io.unicode.encoding=UnicodeBig]
[org.osgi.framework.version=1.8.0]
[awt.toolkit=sun.lwawt.macosx.LWCToolkit]
[eclipse.stateSaveDelayInterval=30000]
[osgi.install.area=file:/Applications/IBM/DS4.1.3/]
[osgi.framework=file:/Applications/IBM/DS4.1.3/../SDPShared/plugins/org.eclipse.osgi_3.11.4.v20191007-1806.jar]
[user.home=/Users/Jack.Billings@ibm.com]
[org.eclipse.equinox.simpleconfigurator.configUrl=file:org.eclipse.equinox.simpleconfigurator/bundles.info]
[osgi.framework.useSystemProperties=true]
[osgi.splashPath=file:/Applications/IBM/SDPShared/plugins/com.ibm.datastudio.consolidated.product,file:/Applications/IBM/SDPShared/plugins/com.ibm.datastudio.consolidated.product.nl1,file:/Applications/IBM/SDPShared/plugins/com.ibm.datastudio.consolidated.product.nl2,file:/Applications/IBM/SDPShared/plugins/com.ibm.rational.developer.systemz.product,file:/Applications/IBM/SDPShared/plugins/com.ibm.rational.developer.systemz.product.nl1,file:/Applications/IBM/SDPShared/plugins/com.ibm.zeus.branding,file:/Applications/IBM/SDPShared/plugins/com.ibm.team.concert_3.1.2000.v20200220_1952.jar,file:/Applications/IBM/SDPShared/plugins/com.ibm.team.concert.nl1_3.1.19.v201910300835.jar,file:/Applications/IBM/SDPShared/plugins/com.ibm.team.concert.nl2_3.1.19.v201910260154.jar,file:/Applications/IBM/SDPShared/plugins/com.ibm.team.concert.nl2a_3.1.19.v201910260205.jar]
[osgi.nl=en_US]
[java.specification.vendor=Oracle Corporation]
[java.library.path=/Users/Jack.Billings@ibm.com/Library/Java/Extensions:/Library/Java/Extensions:/Network/Library/Java/Extensions:/System/Library/Java/Extensions:/usr/lib/java:.]
[java.vendor.url=http://java.oracle.com/]
[osgi.bundlefile.limit=100]
[org.osgi.framework.os.version=10.15.5]
[eclipse.p2.data.area=@config.dir/../p2/]
[eclipse.startTime=1618235815225]
[java.vm.vendor=Oracle Corporation]
[gopherProxySet=false]
[java.runtime.name=Java(TM) 2 Runtime Environment, Standard Edition]
[java.class.path=/Applications/IBM/DS4.1.3/Eclipse.app/Contents/MacOS/../../../plugins/org.eclipse.equinox.launcher_1.3.201.v20161025-1711.jar]
[org.eclipse.update.reconcile=false]
[eclipse.vm=/Applications/IBM/DS4.1.3/jdk/Contents/Home/jre/lib/server/libjvm.dylib]
[java.vm.specification.name=Java Virtual Machine Specification]
[java.vm.specification.version=1.8]
[osgi.launcherPath=/Applications/IBM/DS4.1.3/Eclipse.app/Contents/MacOS]
[sun.cpu.endian=little]
[sun.os.patch.level=unknown]
[gosh.args=--nointeractive]
[java.io.tmpdir=/var/folders/tc/7tws_t9942s6t2nnv4zwkh_r0000gn/T/]
[applicationXMI=org.eclipse.ui.workbench/LegacyIDE.e4xmi]
[java.vendor.url.bug=http://bugreport.sun.com/bugreport/]
[cic.appDataLocation=/private/var/ibm/InstallationManager]
[eclipse.product=com.ibm.datastudio.consolidated.product.ide]
[eclipse.home.location=file:/Applications/IBM/DS4.1.3/]
[os.arch=x86_64]
[java.awt.graphicsenv=sun.awt.CGraphicsEnvironment]
[java.ext.dirs=/Users/Jack.Billings@ibm.com/Library/Java/Extensions:/Applications/IBM/DS4.1.3/jdk/Contents/Home/jre/lib/ext:/Library/Java/Extensions:/Network/Library/Java/Extensions:/System/Library/Java/Extensions:/usr/lib/java]
[user.dir=/Applications/IBM/DS4.1.3/Eclipse.app/Contents/MacOS]
[org.osgi.supports.framework.requirebundle=true]
[line.separator=]
[java.vm.name=Java HotSpot(TM) 64-Bit Server VM]
[file.encoding=UTF-8]
[help.URL.default=]
[eclipse.vmargs=-Djava.class.path=/Applications/IBM/DS4.1.3/Eclipse.app/Contents/MacOS/../../../plugins/org.eclipse.equinox.launcher_1.3.201.v20161025-1711.jar]
[java.specification.version=1.8]
[org.osgi.framework.executionenvironment=OSGi/Minimum-1.0,OSGi/Minimum-1.1,OSGi/Minimum-1.2,JavaSE/compact1-1.8,JavaSE/compact2-1.8,JavaSE/compact3-1.8,JRE-1.1,J2SE-1.2,J2SE-1.3,J2SE-1.4,J2SE-1.5,JavaSE-1.6,JavaSE-1.7,JavaSE-1.8]
[osgi.logfile=/Users/Jack.Billings@ibm.com/demo_workspace/.metadata/.log]
[osgi.configuration.area=file:/Users/Jack.Billings@ibm.com/.eclipse/org.eclipse.platform_4.6.3_1141888373_macosx_cocoa_x86_64/configuration/]
-------- Java Properties: -------
 com.ibm.pdtools.common.component.core.logging.PDLogger.logMap(PDLogger.java:243)
2021-04-12/12:24:25.665/EDT [                    main] TRACE -------- Java Environment variables: -------
[PATH=/usr/bin:/bin:/usr/sbin:/sbin]
[SHELL=/bin/bash]
[SQLITE_EXEMPT_PATH_FROM_VNODE_GUARDS=/Users/Jack.Billings@ibm.com/Library/WebKit/Databases]
[USER=Jack.Billings@ibm.com]
[TMPDIR=/var/folders/tc/7tws_t9942s6t2nnv4zwkh_r0000gn/T/]
[SSH_AUTH_SOCK=/private/tmp/com.apple.launchd.ddwXgMTtZK/Listeners]
[DISPLAY=/private/tmp/com.apple.launchd.k7fbE9adSw/org.macosforge.xquartz:0]
[XPC_FLAGS=0x0]
[__CF_USER_TEXT_ENCODING=0x1F5:0x0:0x0]
[LOGNAME=Jack.Billings@ibm.com]
[XPC_SERVICE_NAME=com.ibm.developer.zsystems.14148]
[JAVA_STARTED_ON_FIRST_THREAD_48518=1]
[HOME=/Users/Jack.Billings@ibm.com]
-------- Java Environment variables: -------
 com.ibm.pdtools.common.component.core.logging.PDLogger.logMap(PDLogger.java:243)
2021-04-12/12:24:25.666/EDT [                    main] TRACE -------- Java Properties: -------
[java.vendor=Oracle Corporation]
[osgi.bundles.defaultStartLevel=4]
[org.osgi.supports.framework.extension=true]
[sun.management.compiler=HotSpot 64-Bit Tiered Compilers]
[eclipse.p2.profile=IBM Data Studio com.ibm.sdp.eclipse.ide]
[os.name=Mac OS X]
[sun.boot.class.path=/Applications/IBM/DS4.1.3/jdk/Contents/Home/jre/lib/endorsed/ibmjcefw.jar:/Applications/IBM/DS4.1.3/jdk/Contents/Home/jre/lib/endorsed/ibmsaslfw.jar:/Applications/IBM/DS4.1.3/jdk/Contents/Home/jre/lib/endorsed/ibmcertpathprovider.jar:/Applications/IBM/DS4.1.3/jdk/Contents/Home/jre/lib/endorsed/ibmcertpathfw.jar:/Applications/IBM/DS4.1.3/jdk/Contents/Home/jre/lib/endorsed/ibmjsseprovider2.jar:/Applications/IBM/DS4.1.3/jdk/Contents/Home/jre/lib/endorsed/xml.jar:/Applications/IBM/DS4.1.3/jdk/Contents/Home/jre/lib/endorsed/ibmorbapi.jar:/Applications/IBM/DS4.1.3/jdk/Contents/Home/jre/lib/endorsed/ibmorb.jar:/Applications/IBM/DS4.1.3/jdk/Contents/Home/jre/lib/endorsed/ibmjssefw.jar:/Applications/IBM/DS4.1.3/jdk/Contents/Home/jre/lib/endorsed/ibmsecurity.jar:/Applications/IBM/DS4.1.3/jdk/Contents/Home/jre/lib/endorsed/ibmpkcs.jar:/Applications/IBM/DS4.1.3/jdk/Contents/Home/jre/lib/endorsed/ibmcfw.jar:/Applications/IBM/DS4.1.3/jdk/Contents/Home/jre/lib/endorsed/ibmjgssfw.jar:/Applications/IBM/DS4.1.3/jdk/Contents/Home/jre/lib/endorsed/ibmjgssprovider.jar:/Applications/IBM/DS4.1.3/jdk/Contents/Home/jre/lib/endorsed/ibmext.jar:/Applications/IBM/DS4.1.3/jdk/Contents/Home/jre/lib/resources.jar:/Applications/IBM/DS4.1.3/jdk/Contents/Home/jre/lib/rt.jar:/Applications/IBM/DS4.1.3/jdk/Contents/Home/jre/lib/sunrsasign.jar:/Applications/IBM/DS4.1.3/jdk/Contents/Home/jre/lib/jsse.jar:/Applications/IBM/DS4.1.3/jdk/Contents/Home/jre/lib/jce.jar:/Applications/IBM/DS4.1.3/jdk/Contents/Home/jre/lib/charsets.jar:/Applications/IBM/DS4.1.3/jdk/Contents/Home/jre/lib/jfr.jar:/Applications/IBM/DS4.1.3/jdk/Contents/Home/jre/classes]
[osgi.ws=cocoa]
[java.vm.specification.vendor=Oracle Corporation]
[java.runtime.version=1.8.0_251-b08 09_Apr_2020_06_16 Mac OS X x64(SR6 FP10)]
[osgi.instance.area=file:/Users/Jack.Billings@ibm.com/demo_workspace/]
[org.osgi.framework.uuid=8531e516-8169-4ee9-8d25-5c1fb5a127ac]
[user.name=Jack.Billings@ibm.com]
[osgi.framework.extensions=reference:file:com.ibm.cds_3.0.1.201410101357.jar,reference:file:org.eclipse.osgi.compatibility.state_1.0.200.v20160504-1419.jar,reference:file:org.eclipse.wst.jsdt.nashorn.extension_1.0.2.v201610280128.jar]
[org.osgi.framework.system.packages=javax.accessibility,javax.activation,javax.activity,javax.annotation,javax.annotation.processing,javax.crypto,javax.crypto.interfaces,javax.crypto.spec,javax.imageio,javax.imageio.event,javax.imageio.metadata,javax.imageio.plugins.bmp,javax.imageio.plugins.jpeg,javax.imageio.spi,javax.imageio.stream,javax.jws,javax.jws.soap,javax.lang.model,javax.lang.model.element,javax.lang.model.type,javax.lang.model.util,javax.management,javax.management.loading,javax.management.modelmbean,javax.management.monitor,javax.management.openmbean,javax.management.relation,javax.management.remote,javax.management.remote.rmi,javax.management.timer,javax.naming,javax.naming.directory,javax.naming.event,javax.naming.ldap,javax.naming.spi,javax.net,javax.net.ssl,javax.print,javax.print.attribute,javax.print.attribute.standard,javax.print.event,javax.rmi,javax.rmi.CORBA,javax.rmi.ssl,javax.script,javax.security.auth,javax.security.auth.callback,javax.security.auth.kerberos,javax.security.auth.login,javax.security.auth.spi,javax.security.auth.x500,javax.security.cert,javax.security.sasl,javax.sound.midi,javax.sound.midi.spi,javax.sound.sampled,javax.sound.sampled.spi,javax.sql,javax.sql.rowset,javax.sql.rowset.serial,javax.sql.rowset.spi,javax.swing,javax.swing.border,javax.swing.colorchooser,javax.swing.event,javax.swing.filechooser,javax.swing.plaf,javax.swing.plaf.basic,javax.swing.plaf.metal,javax.swing.plaf.multi,javax.swing.plaf.nimbus,javax.swing.plaf.synth,javax.swing.table,javax.swing.text,javax.swing.text.html,javax.swing.text.html.parser,javax.swing.text.rtf,javax.swing.tree,javax.swing.undo,javax.tools,javax.transaction,javax.transaction.xa,javax.xml,javax.xml.bind,javax.xml.bind.annotation,javax.xml.bind.annotation.adapters,javax.xml.bind.attachment,javax.xml.bind.helpers,javax.xml.bind.util,javax.xml.crypto,javax.xml.crypto.dom,javax.xml.crypto.dsig,javax.xml.crypto.dsig.dom,javax.xml.crypto.dsig.keyinfo,javax.xml.crypto.dsig.spec,javax.xml.datatype,javax.xml.namespace,javax.xml.parsers,javax.xml.soap,javax.xml.stream,javax.xml.stream.events,javax.xml.stream.util,javax.xml.transform,javax.xml.transform.dom,javax.xml.transform.sax,javax.xml.transform.stax,javax.xml.transform.stream,javax.xml.validation,javax.xml.ws,javax.xml.ws.handler,javax.xml.ws.handler.soap,javax.xml.ws.http,javax.xml.ws.soap,javax.xml.ws.spi,javax.xml.ws.spi.http,javax.xml.ws.wsaddressing,javax.xml.xpath,org.ietf.jgss,org.omg.CORBA,org.omg.CORBA_2_3,org.omg.CORBA_2_3.portable,org.omg.CORBA.DynAnyPackage,org.omg.CORBA.ORBPackage,org.omg.CORBA.portable,org.omg.CORBA.TypeCodePackage,org.omg.CosNaming,org.omg.CosNaming.NamingContextExtPackage,org.omg.CosNaming.NamingContextPackage,org.omg.Dynamic,org.omg.DynamicAny,org.omg.DynamicAny.DynAnyFactoryPackage,org.omg.DynamicAny.DynAnyPackage,org.omg.IOP,org.omg.IOP.CodecFactoryPackage,org.omg.IOP.CodecPackage,org.omg.Messaging,org.omg.PortableInterceptor,org.omg.PortableInterceptor.ORBInitInfoPackage,org.omg.PortableServer,org.omg.PortableServer.CurrentPackage,org.omg.PortableServer.POAManagerPackage,org.omg.PortableServer.POAPackage,org.omg.PortableServer.portable,org.omg.PortableServer.ServantLocatorPackage,org.omg.SendingContext,org.omg.stub.java.rmi,org.w3c.dom,org.w3c.dom.bootstrap,org.w3c.dom.css,org.w3c.dom.events,org.w3c.dom.html,org.w3c.dom.ls,org.w3c.dom.ranges,org.w3c.dom.stylesheets,org.w3c.dom.traversal,org.w3c.dom.views,org.w3c.dom.xpath,org.xml.sax,org.xml.sax.ext,org.xml.sax.helpers]
[eclipse.launcher=/Applications/IBM/DS4.1.3/Eclipse.app/Contents/MacOS/eclipse]
[eclipse.launcher.name=Eclipse]
[org.eclipse.swt.internal.deviceZoom=200]
[org.osgi.framework.language=en]
[osgi.frameworkClassPath=., file:/Applications/IBM/DS4.1.3/../SDPShared/plugins/com.ibm.cds_3.0.1.201410101357.jar, file:/Applications/IBM/DS4.1.3/../SDPShared/plugins/org.eclipse.osgi.compatibility.state_1.0.200.v20160504-1419.jar, file:/Applications/IBM/DS4.1.3/../SDPShared/plugins/org.eclipse.wst.jsdt.nashorn.extension_1.0.2.v201610280128.jar]
[equinox.use.ds=true]
[org.eclipse.equinox.launcher.splash.handle=4296090416]
[help.type.default=]
[user.language=en]
[org.osgi.framework.processor=x86-64]
[osgi.compatibility.bootdelegation.default=true]
[osgi.syspath=/Applications/IBM/DS4.1.3/../SDPShared/plugins]
[sun.boot.library.path=/Applications/IBM/DS4.1.3/jdk/Contents/Home/jre/lib]
[org.osgi.framework.system.capabilities=osgi.ee; osgi.ee="OSGi/Minimum"; version:List<Version>="1.0, 1.1, 1.2",osgi.ee; osgi.ee="JRE"; version:List<Version>="1.0, 1.1",osgi.ee; osgi.ee="JavaSE"; version:List<Version>="1.0, 1.1, 1.2, 1.3, 1.4, 1.5, 1.6, 1.7, 1.8",osgi.ee; osgi.ee="JavaSE/compact1"; version:List<Version>="1.8",osgi.ee; osgi.ee="JavaSE/compact2"; version:List<Version>="1.8",osgi.ee; osgi.ee="JavaSE/compact3"; version:List<Version>="1.8"]
[osgi.compatibility.bootdelegation=true]
[eof=eof]
[osgi.framework.override.user=true]
[java.version=1.8.0_251]
[org.osgi.framework.os.name=MacOSX]
[user.timezone=America/Detroit]
[sun.arch.data.model=64]
[osgi.bundles=reference:file:com.ibm.cds_3.0.1.201410101357.jar,reference:file:org.eclipse.osgi.compatibility.state_1.0.200.v20160504-1419.jar,reference:file:org.eclipse.wst.jsdt.nashorn.extension_1.0.2.v201610280128.jar,reference:file:org.eclipse.equinox.simpleconfigurator_1.1.200.v20160504-1450.jar@1:start]
[java.endorsed.dirs=/Applications/IBM/DS4.1.3/jdk/Contents/Home/jre/lib/endorsed]
[osgi.tracefile=/Users/Jack.Billings@ibm.com/demo_workspace/.metadata/trace.log]
[sun.cpu.isalist=]
[sun.jnu.encoding=UTF-8]
[eclipse.application=org.eclipse.ui.ide.workbench]
[file.encoding.pkg=sun.io]
[equinox.init.uuid=true]
[org.osgi.framework.vendor=Eclipse]
[file.separator=/]
[java.specification.name=Java Platform API Specification]
[java.class.version=52.0]
[user.country=US]
[org.eclipse.equinox.launcher.splash.location=/Users/Jack.Billings@ibm.com/.eclipse/org.eclipse.platform_4.6.3_1141888373_macosx_cocoa_x86_64/configuration/org.eclipse.equinox.launcher/com.ibm.datastudio.consolidated.product_1.1.300.v20190828_0941/splash.bmp]
[osgi.launcherIni=eclipse]
[java.home=/Applications/IBM/DS4.1.3/jdk/Contents/Home/jre]
[osgi.os=macosx]
[help.war=/Applications/IBM/DS4.1.3/help/help.war]
[eclipse.commands=-osmacosx-wscocoa-archx86_64-showsplash-launcher/Applications/IBM/DS4.1.3/Eclipse.app/Contents/MacOS/eclipse-nameEclipse--launcher.library/Applications/IBM/DS4.1.3/Eclipse.app/Contents/MacOS/../../../plugins/org.eclipse.equinox.launcher.cocoa.macosx.x86_64_1.1.401.v20181126-0707/eclipse_1618.so-startup/Applications/IBM/DS4.1.3/Eclipse.app/Contents/MacOS/../../../plugins/org.eclipse.equinox.launcher_1.3.201.v20161025-1711.jar--launcher.overrideVmargs-keyring/Users/Jack.Billings@ibm.com/.eclipse_keyring-showlocation-vm/Applications/IBM/DS4.1.3/jdk/Contents/Home/jre/bin/../lib/server/libjvm.dylib]
[java.vm.info=mixed mode]
[osgi.splashLocation=/Users/Jack.Billings@ibm.com/.eclipse/org.eclipse.platform_4.6.3_1141888373_macosx_cocoa_x86_64/configuration/org.eclipse.equinox.launcher/com.ibm.datastudio.consolidated.product_1.1.300.v20190828_0941/splash.bmp]
[os.version=10.15.5]
[osgi.arch=x86_64]
[org.eclipse.emf.ecore.EPackage.Registry.INSTANCE=org.eclipse.emf.ecore.impl.EPackageRegistryImpl]
[osgi.sharedConfiguration.area=file:/Applications/IBM/DS4.1.3/configuration/]
[path.separator=:]
[osgi.framework.extensions.override.user=true]
[java.vm.version=25.251-b08]
[org.osgi.supports.framework.fragment=true]
[osgi.framework.shape=jar]
[osgi.instance.area.default=file:/Users/Jack.Billings@ibm.com/workspace/]
[osgi.bundles.override.user=true]
[java.awt.printerjob=sun.lwawt.macosx.CPrinterJob]
[sun.io.unicode.encoding=UnicodeBig]
[org.osgi.framework.version=1.8.0]
[awt.toolkit=sun.lwawt.macosx.LWCToolkit]
[eclipse.stateSaveDelayInterval=30000]
[osgi.install.area=file:/Applications/IBM/DS4.1.3/]
[osgi.framework=file:/Applications/IBM/DS4.1.3/../SDPShared/plugins/org.eclipse.osgi_3.11.4.v20191007-1806.jar]
[user.home=/Users/Jack.Billings@ibm.com]
[org.eclipse.equinox.simpleconfigurator.configUrl=file:org.eclipse.equinox.simpleconfigurator/bundles.info]
[osgi.framework.useSystemProperties=true]
[osgi.splashPath=file:/Applications/IBM/SDPShared/plugins/com.ibm.datastudio.consolidated.product,file:/Applications/IBM/SDPShared/plugins/com.ibm.datastudio.consolidated.product.nl1,file:/Applications/IBM/SDPShared/plugins/com.ibm.datastudio.consolidated.product.nl2,file:/Applications/IBM/SDPShared/plugins/com.ibm.rational.developer.systemz.product,file:/Applications/IBM/SDPShared/plugins/com.ibm.rational.developer.systemz.product.nl1,file:/Applications/IBM/SDPShared/plugins/com.ibm.zeus.branding,file:/Applications/IBM/SDPShared/plugins/com.ibm.team.concert_3.1.2000.v20200220_1952.jar,file:/Applications/IBM/SDPShared/plugins/com.ibm.team.concert.nl1_3.1.19.v201910300835.jar,file:/Applications/IBM/SDPShared/plugins/com.ibm.team.concert.nl2_3.1.19.v201910260154.jar,file:/Applications/IBM/SDPShared/plugins/com.ibm.team.concert.nl2a_3.1.19.v201910260205.jar]
[osgi.nl=en_US]
[java.specification.vendor=Oracle Corporation]
[java.library.path=/Users/Jack.Billings@ibm.com/Library/Java/Extensions:/Library/Java/Extensions:/Network/Library/Java/Extensions:/System/Library/Java/Extensions:/usr/lib/java:.]
[java.vendor.url=http://java.oracle.com/]
[osgi.bundlefile.limit=100]
[org.osgi.framework.os.version=10.15.5]
[eclipse.p2.data.area=@config.dir/../p2/]
[eclipse.startTime=1618244482642]
[java.vm.vendor=Oracle Corporation]
[gopherProxySet=false]
[java.runtime.name=Java(TM) 2 Runtime Environment, Standard Edition]
[java.class.path=/Applications/IBM/DS4.1.3/Eclipse.app/Contents/MacOS/../../../plugins/org.eclipse.equinox.launcher_1.3.201.v20161025-1711.jar]
[org.eclipse.update.reconcile=false]
[eclipse.vm=/Applications/IBM/DS4.1.3/jdk/Contents/Home/jre/bin/../lib/server/libjvm.dylib]
[java.vm.specification.name=Java Virtual Machine Specification]
[java.vm.specification.version=1.8]
[osgi.launcherPath=/Applications/IBM/DS4.1.3/Eclipse.app/Contents/MacOS]
[sun.cpu.endian=little]
[sun.os.patch.level=unknown]
[gosh.args=--nointeractive]
[java.io.tmpdir=/var/folders/tc/7tws_t9942s6t2nnv4zwkh_r0000gn/T/]
[applicationXMI=org.eclipse.ui.workbench/LegacyIDE.e4xmi]
[java.vendor.url.bug=http://bugreport.sun.com/bugreport/]
[cic.appDataLocation=/private/var/ibm/InstallationManager]
[eclipse.product=com.ibm.datastudio.consolidated.product.ide]
[eclipse.home.location=file:/Applications/IBM/DS4.1.3/]
[os.arch=x86_64]
[java.awt.graphicsenv=sun.awt.CGraphicsEnvironment]
[java.ext.dirs=/Users/Jack.Billings@ibm.com/Library/Java/Extensions:/Applications/IBM/DS4.1.3/jdk/Contents/Home/jre/lib/ext:/Library/Java/Extensions:/Network/Library/Java/Extensions:/System/Library/Java/Extensions:/usr/lib/java]
[user.dir=/Applications/IBM/DS4.1.3/Eclipse.app/Contents/MacOS]
[org.osgi.supports.framework.requirebundle=true]
[line.separator=]
[java.vm.name=Java HotSpot(TM) 64-Bit Server VM]
[file.encoding=UTF-8]
[help.URL.default=]
[eclipse.vmargs=-Djava.class.path=/Applications/IBM/DS4.1.3/Eclipse.app/Contents/MacOS/../../../plugins/org.eclipse.equinox.launcher_1.3.201.v20161025-1711.jar]
[java.specification.version=1.8]
[org.osgi.framework.executionenvironment=OSGi/Minimum-1.0,OSGi/Minimum-1.1,OSGi/Minimum-1.2,JavaSE/compact1-1.8,JavaSE/compact2-1.8,JavaSE/compact3-1.8,JRE-1.1,J2SE-1.2,J2SE-1.3,J2SE-1.4,J2SE-1.5,JavaSE-1.6,JavaSE-1.7,JavaSE-1.8]
[osgi.logfile=/Users/Jack.Billings@ibm.com/demo_workspace/.metadata/.log]
[osgi.configuration.area=file:/Users/Jack.Billings@ibm.com/.eclipse/org.eclipse.platform_4.6.3_1141888373_macosx_cocoa_x86_64/configuration/]
-------- Java Properties: -------
 com.ibm.pdtools.common.component.core.logging.PDLogger.logMap(PDLogger.java:243)
2021-04-12/12:49:23.966/EDT [                    main] TRACE -------- Java Environment variables: -------
[PATH=/usr/bin:/bin:/usr/sbin:/sbin]
[SHELL=/bin/bash]
[JAVA_STARTED_ON_FIRST_THREAD_49247=1]
[JAVA_STARTED_ON_FIRST_THREAD_49321=1]
[SQLITE_EXEMPT_PATH_FROM_VNODE_GUARDS=/Users/Jack.Billings@ibm.com/Library/WebKit/Databases]
[USER=Jack.Billings@ibm.com]
[TMPDIR=/var/folders/tc/7tws_t9942s6t2nnv4zwkh_r0000gn/T/]
[SSH_AUTH_SOCK=/private/tmp/com.apple.launchd.ddwXgMTtZK/Listeners]
[DISPLAY=/private/tmp/com.apple.launchd.k7fbE9adSw/org.macosforge.xquartz:0]
[XPC_FLAGS=0x0]
[__CF_USER_TEXT_ENCODING=0x1F5:0x0:0x0]
[LOGNAME=Jack.Billings@ibm.com]
[XPC_SERVICE_NAME=0]
[JAVA_STARTED_ON_FIRST_THREAD_48518=1]
[HOME=/Users/Jack.Billings@ibm.com]
-------- Java Environment variables: -------
 com.ibm.pdtools.common.component.core.logging.PDLogger.logMap(PDLogger.java:243)
2021-04-12/12:49:23.968/EDT [                    main] TRACE -------- Java Properties: -------
[java.vendor=Oracle Corporation]
[osgi.bundles.defaultStartLevel=4]
[org.osgi.supports.framework.extension=true]
[sun.management.compiler=HotSpot 64-Bit Tiered Compilers]
[eclipse.p2.profile=IBM Data Studio com.ibm.sdp.eclipse.ide]
[os.name=Mac OS X]
[sun.boot.class.path=/Applications/IBM/DS4.1.3/jdk/Contents/Home/jre/lib/endorsed/ibmjcefw.jar:/Applications/IBM/DS4.1.3/jdk/Contents/Home/jre/lib/endorsed/ibmsaslfw.jar:/Applications/IBM/DS4.1.3/jdk/Contents/Home/jre/lib/endorsed/ibmcertpathprovider.jar:/Applications/IBM/DS4.1.3/jdk/Contents/Home/jre/lib/endorsed/ibmcertpathfw.jar:/Applications/IBM/DS4.1.3/jdk/Contents/Home/jre/lib/endorsed/ibmjsseprovider2.jar:/Applications/IBM/DS4.1.3/jdk/Contents/Home/jre/lib/endorsed/xml.jar:/Applications/IBM/DS4.1.3/jdk/Contents/Home/jre/lib/endorsed/ibmorbapi.jar:/Applications/IBM/DS4.1.3/jdk/Contents/Home/jre/lib/endorsed/ibmorb.jar:/Applications/IBM/DS4.1.3/jdk/Contents/Home/jre/lib/endorsed/ibmjssefw.jar:/Applications/IBM/DS4.1.3/jdk/Contents/Home/jre/lib/endorsed/ibmsecurity.jar:/Applications/IBM/DS4.1.3/jdk/Contents/Home/jre/lib/endorsed/ibmpkcs.jar:/Applications/IBM/DS4.1.3/jdk/Contents/Home/jre/lib/endorsed/ibmcfw.jar:/Applications/IBM/DS4.1.3/jdk/Contents/Home/jre/lib/endorsed/ibmjgssfw.jar:/Applications/IBM/DS4.1.3/jdk/Contents/Home/jre/lib/endorsed/ibmjgssprovider.jar:/Applications/IBM/DS4.1.3/jdk/Contents/Home/jre/lib/endorsed/ibmext.jar:/Applications/IBM/DS4.1.3/jdk/Contents/Home/jre/lib/resources.jar:/Applications/IBM/DS4.1.3/jdk/Contents/Home/jre/lib/rt.jar:/Applications/IBM/DS4.1.3/jdk/Contents/Home/jre/lib/sunrsasign.jar:/Applications/IBM/DS4.1.3/jdk/Contents/Home/jre/lib/jsse.jar:/Applications/IBM/DS4.1.3/jdk/Contents/Home/jre/lib/jce.jar:/Applications/IBM/DS4.1.3/jdk/Contents/Home/jre/lib/charsets.jar:/Applications/IBM/DS4.1.3/jdk/Contents/Home/jre/lib/jfr.jar:/Applications/IBM/DS4.1.3/jdk/Contents/Home/jre/classes]
[osgi.ws=cocoa]
[java.vm.specification.vendor=Oracle Corporation]
[java.runtime.version=1.8.0_251-b08 09_Apr_2020_06_16 Mac OS X x64(SR6 FP10)]
[osgi.instance.area=file:/Users/Jack.Billings@ibm.com/demo_workspace/]
[org.osgi.framework.uuid=c70fb848-a7e9-49a9-9849-9bcb0946f3b8]
[user.name=Jack.Billings@ibm.com]
[osgi.framework.extensions=reference:file:com.ibm.cds_3.0.1.201410101357.jar,reference:file:org.eclipse.osgi.compatibility.state_1.0.200.v20160504-1419.jar,reference:file:org.eclipse.wst.jsdt.nashorn.extension_1.0.2.v201610280128.jar]
[org.osgi.framework.system.packages=javax.accessibility,javax.activation,javax.activity,javax.annotation,javax.annotation.processing,javax.crypto,javax.crypto.interfaces,javax.crypto.spec,javax.imageio,javax.imageio.event,javax.imageio.metadata,javax.imageio.plugins.bmp,javax.imageio.plugins.jpeg,javax.imageio.spi,javax.imageio.stream,javax.jws,javax.jws.soap,javax.lang.model,javax.lang.model.element,javax.lang.model.type,javax.lang.model.util,javax.management,javax.management.loading,javax.management.modelmbean,javax.management.monitor,javax.management.openmbean,javax.management.relation,javax.management.remote,javax.management.remote.rmi,javax.management.timer,javax.naming,javax.naming.directory,javax.naming.event,javax.naming.ldap,javax.naming.spi,javax.net,javax.net.ssl,javax.print,javax.print.attribute,javax.print.attribute.standard,javax.print.event,javax.rmi,javax.rmi.CORBA,javax.rmi.ssl,javax.script,javax.security.auth,javax.security.auth.callback,javax.security.auth.kerberos,javax.security.auth.login,javax.security.auth.spi,javax.security.auth.x500,javax.security.cert,javax.security.sasl,javax.sound.midi,javax.sound.midi.spi,javax.sound.sampled,javax.sound.sampled.spi,javax.sql,javax.sql.rowset,javax.sql.rowset.serial,javax.sql.rowset.spi,javax.swing,javax.swing.border,javax.swing.colorchooser,javax.swing.event,javax.swing.filechooser,javax.swing.plaf,javax.swing.plaf.basic,javax.swing.plaf.metal,javax.swing.plaf.multi,javax.swing.plaf.nimbus,javax.swing.plaf.synth,javax.swing.table,javax.swing.text,javax.swing.text.html,javax.swing.text.html.parser,javax.swing.text.rtf,javax.swing.tree,javax.swing.undo,javax.tools,javax.transaction,javax.transaction.xa,javax.xml,javax.xml.bind,javax.xml.bind.annotation,javax.xml.bind.annotation.adapters,javax.xml.bind.attachment,javax.xml.bind.helpers,javax.xml.bind.util,javax.xml.crypto,javax.xml.crypto.dom,javax.xml.crypto.dsig,javax.xml.crypto.dsig.dom,javax.xml.crypto.dsig.keyinfo,javax.xml.crypto.dsig.spec,javax.xml.datatype,javax.xml.namespace,javax.xml.parsers,javax.xml.soap,javax.xml.stream,javax.xml.stream.events,javax.xml.stream.util,javax.xml.transform,javax.xml.transform.dom,javax.xml.transform.sax,javax.xml.transform.stax,javax.xml.transform.stream,javax.xml.validation,javax.xml.ws,javax.xml.ws.handler,javax.xml.ws.handler.soap,javax.xml.ws.http,javax.xml.ws.soap,javax.xml.ws.spi,javax.xml.ws.spi.http,javax.xml.ws.wsaddressing,javax.xml.xpath,org.ietf.jgss,org.omg.CORBA,org.omg.CORBA_2_3,org.omg.CORBA_2_3.portable,org.omg.CORBA.DynAnyPackage,org.omg.CORBA.ORBPackage,org.omg.CORBA.portable,org.omg.CORBA.TypeCodePackage,org.omg.CosNaming,org.omg.CosNaming.NamingContextExtPackage,org.omg.CosNaming.NamingContextPackage,org.omg.Dynamic,org.omg.DynamicAny,org.omg.DynamicAny.DynAnyFactoryPackage,org.omg.DynamicAny.DynAnyPackage,org.omg.IOP,org.omg.IOP.CodecFactoryPackage,org.omg.IOP.CodecPackage,org.omg.Messaging,org.omg.PortableInterceptor,org.omg.PortableInterceptor.ORBInitInfoPackage,org.omg.PortableServer,org.omg.PortableServer.CurrentPackage,org.omg.PortableServer.POAManagerPackage,org.omg.PortableServer.POAPackage,org.omg.PortableServer.portable,org.omg.PortableServer.ServantLocatorPackage,org.omg.SendingContext,org.omg.stub.java.rmi,org.w3c.dom,org.w3c.dom.bootstrap,org.w3c.dom.css,org.w3c.dom.events,org.w3c.dom.html,org.w3c.dom.ls,org.w3c.dom.ranges,org.w3c.dom.stylesheets,org.w3c.dom.traversal,org.w3c.dom.views,org.w3c.dom.xpath,org.xml.sax,org.xml.sax.ext,org.xml.sax.helpers]
[eclipse.launcher=/Applications/IBM/DS4.1.3/Eclipse.app/Contents/MacOS/eclipse]
[eclipse.launcher.name=Eclipse]
[org.eclipse.swt.internal.deviceZoom=200]
[org.osgi.framework.language=en]
[osgi.frameworkClassPath=., file:/Applications/IBM/DS4.1.3/../SDPShared/plugins/com.ibm.cds_3.0.1.201410101357.jar, file:/Applications/IBM/DS4.1.3/../SDPShared/plugins/org.eclipse.osgi.compatibility.state_1.0.200.v20160504-1419.jar, file:/Applications/IBM/DS4.1.3/../SDPShared/plugins/org.eclipse.wst.jsdt.nashorn.extension_1.0.2.v201610280128.jar]
[equinox.use.ds=true]
[org.eclipse.equinox.launcher.splash.handle=4302657776]
[help.type.default=]
[user.language=en]
[org.osgi.framework.processor=x86-64]
[osgi.compatibility.bootdelegation.default=true]
[osgi.syspath=/Applications/IBM/DS4.1.3/../SDPShared/plugins]
[sun.boot.library.path=/Applications/IBM/DS4.1.3/jdk/Contents/Home/jre/lib]
[org.osgi.framework.system.capabilities=osgi.ee; osgi.ee="OSGi/Minimum"; version:List<Version>="1.0, 1.1, 1.2",osgi.ee; osgi.ee="JRE"; version:List<Version>="1.0, 1.1",osgi.ee; osgi.ee="JavaSE"; version:List<Version>="1.0, 1.1, 1.2, 1.3, 1.4, 1.5, 1.6, 1.7, 1.8",osgi.ee; osgi.ee="JavaSE/compact1"; version:List<Version>="1.8",osgi.ee; osgi.ee="JavaSE/compact2"; version:List<Version>="1.8",osgi.ee; osgi.ee="JavaSE/compact3"; version:List<Version>="1.8"]
[osgi.compatibility.bootdelegation=true]
[eof=eof]
[osgi.framework.override.user=true]
[java.version=1.8.0_251]
[org.osgi.framework.os.name=MacOSX]
[user.timezone=America/Detroit]
[sun.arch.data.model=64]
[osgi.bundles=reference:file:com.ibm.cds_3.0.1.201410101357.jar,reference:file:org.eclipse.osgi.compatibility.state_1.0.200.v20160504-1419.jar,reference:file:org.eclipse.wst.jsdt.nashorn.extension_1.0.2.v201610280128.jar,reference:file:org.eclipse.equinox.simpleconfigurator_1.1.200.v20160504-1450.jar@1:start]
[java.endorsed.dirs=/Applications/IBM/DS4.1.3/jdk/Contents/Home/jre/lib/endorsed]
[osgi.tracefile=/Users/Jack.Billings@ibm.com/demo_workspace/.metadata/trace.log]
[sun.cpu.isalist=]
[sun.jnu.encoding=UTF-8]
[eclipse.application=org.eclipse.ui.ide.workbench]
[file.encoding.pkg=sun.io]
[equinox.init.uuid=true]
[org.osgi.framework.vendor=Eclipse]
[file.separator=/]
[java.specification.name=Java Platform API Specification]
[java.class.version=52.0]
[user.country=US]
[org.eclipse.equinox.launcher.splash.location=/Users/Jack.Billings@ibm.com/.eclipse/org.eclipse.platform_4.6.3_1141888373_macosx_cocoa_x86_64/configuration/org.eclipse.equinox.launcher/com.ibm.datastudio.consolidated.product_1.1.300.v20190828_0941/splash.bmp]
[osgi.launcherIni=eclipse]
[java.home=/Applications/IBM/DS4.1.3/jdk/Contents/Home/jre]
[osgi.os=macosx]
[help.war=/Applications/IBM/DS4.1.3/help/help.war]
[eclipse.commands=-osmacosx-wscocoa-archx86_64-showsplash-launcher/Applications/IBM/DS4.1.3/Eclipse.app/Contents/MacOS/eclipse-nameEclipse--launcher.library/Applications/IBM/DS4.1.3/Eclipse.app/Contents/MacOS/../../../plugins/org.eclipse.equinox.launcher.cocoa.macosx.x86_64_1.1.401.v20181126-0707/eclipse_1618.so-startup/Applications/IBM/DS4.1.3/Eclipse.app/Contents/MacOS/../../../plugins/org.eclipse.equinox.launcher_1.3.201.v20161025-1711.jar--launcher.overrideVmargs-launcher/Applications/IBM/DS4.1.3/Eclipse.app/Contents/MacOS/eclipse-data/Users/Jack.Billings@ibm.com/demo_workspace-launcher/Applications/IBM/DS4.1.3/Eclipse.app/Contents/MacOS/eclipse-keyring/Users/Jack.Billings@ibm.com/.eclipse_keyring-showlocation-vm/Applications/IBM/DS4.1.3/jdk/Contents/Home/jre/lib/server/libjvm.dylib]
[java.vm.info=mixed mode]
[osgi.splashLocation=/Users/Jack.Billings@ibm.com/.eclipse/org.eclipse.platform_4.6.3_1141888373_macosx_cocoa_x86_64/configuration/org.eclipse.equinox.launcher/com.ibm.datastudio.consolidated.product_1.1.300.v20190828_0941/splash.bmp]
[os.version=10.15.5]
[osgi.arch=x86_64]
[org.eclipse.emf.ecore.EPackage.Registry.INSTANCE=org.eclipse.emf.ecore.impl.EPackageRegistryImpl]
[osgi.sharedConfiguration.area=file:/Applications/IBM/DS4.1.3/configuration/]
[path.separator=:]
[osgi.framework.extensions.override.user=true]
[java.vm.version=25.251-b08]
[org.osgi.supports.framework.fragment=true]
[osgi.framework.shape=jar]
[osgi.instance.area.default=file:/Users/Jack.Billings@ibm.com/workspace/]
[osgi.bundles.override.user=true]
[java.awt.printerjob=sun.lwawt.macosx.CPrinterJob]
[sun.io.unicode.encoding=UnicodeBig]
[org.osgi.framework.version=1.8.0]
[awt.toolkit=sun.lwawt.macosx.LWCToolkit]
[eclipse.stateSaveDelayInterval=30000]
[osgi.install.area=file:/Applications/IBM/DS4.1.3/]
[osgi.framework=file:/Applications/IBM/DS4.1.3/../SDPShared/plugins/org.eclipse.osgi_3.11.4.v20191007-1806.jar]
[user.home=/Users/Jack.Billings@ibm.com]
[org.eclipse.equinox.simpleconfigurator.configUrl=file:org.eclipse.equinox.simpleconfigurator/bundles.info]
[osgi.framework.useSystemProperties=true]
[osgi.splashPath=file:/Applications/IBM/SDPShared/plugins/com.ibm.datastudio.consolidated.product,file:/Applications/IBM/SDPShared/plugins/com.ibm.datastudio.consolidated.product.nl1,file:/Applications/IBM/SDPShared/plugins/com.ibm.datastudio.consolidated.product.nl2,file:/Applications/IBM/SDPShared/plugins/com.ibm.rational.developer.systemz.product,file:/Applications/IBM/SDPShared/plugins/com.ibm.rational.developer.systemz.product.nl1,file:/Applications/IBM/SDPShared/plugins/com.ibm.zeus.branding,file:/Applications/IBM/SDPShared/plugins/com.ibm.team.concert_3.1.2000.v20200220_1952.jar,file:/Applications/IBM/SDPShared/plugins/com.ibm.team.concert.nl1_3.1.19.v201910300835.jar,file:/Applications/IBM/SDPShared/plugins/com.ibm.team.concert.nl2_3.1.19.v201910260154.jar,file:/Applications/IBM/SDPShared/plugins/com.ibm.team.concert.nl2a_3.1.19.v201910260205.jar]
[osgi.nl=en_US]
[java.specification.vendor=Oracle Corporation]
[java.library.path=/Users/Jack.Billings@ibm.com/Library/Java/Extensions:/Library/Java/Extensions:/Network/Library/Java/Extensions:/System/Library/Java/Extensions:/usr/lib/java:.]
[java.vendor.url=http://java.oracle.com/]
[osgi.bundlefile.limit=100]
[org.osgi.framework.os.version=10.15.5]
[eclipse.p2.data.area=@config.dir/../p2/]
[eclipse.startTime=1618246157004]
[java.vm.vendor=Oracle Corporation]
[gopherProxySet=false]
[java.runtime.name=Java(TM) 2 Runtime Environment, Standard Edition]
[java.class.path=/Applications/IBM/DS4.1.3/Eclipse.app/Contents/MacOS/../../../plugins/org.eclipse.equinox.launcher_1.3.201.v20161025-1711.jar]
[org.eclipse.update.reconcile=false]
[eclipse.vm=/Applications/IBM/DS4.1.3/jdk/Contents/Home/jre/lib/server/libjvm.dylib]
[java.vm.specification.name=Java Virtual Machine Specification]
[java.vm.specification.version=1.8]
[osgi.launcherPath=/Applications/IBM/DS4.1.3/Eclipse.app/Contents/MacOS]
[sun.cpu.endian=little]
[sun.os.patch.level=unknown]
[gosh.args=--nointeractive]
[java.io.tmpdir=/var/folders/tc/7tws_t9942s6t2nnv4zwkh_r0000gn/T/]
[applicationXMI=org.eclipse.ui.workbench/LegacyIDE.e4xmi]
[java.vendor.url.bug=http://bugreport.sun.com/bugreport/]
[cic.appDataLocation=/private/var/ibm/InstallationManager]
[eclipse.product=com.ibm.datastudio.consolidated.product.ide]
[eclipse.home.location=file:/Applications/IBM/DS4.1.3/]
[os.arch=x86_64]
[java.awt.graphicsenv=sun.awt.CGraphicsEnvironment]
[java.ext.dirs=/Users/Jack.Billings@ibm.com/Library/Java/Extensions:/Applications/IBM/DS4.1.3/jdk/Contents/Home/jre/lib/ext:/Library/Java/Extensions:/Network/Library/Java/Extensions:/System/Library/Java/Extensions:/usr/lib/java]
[user.dir=/Applications/IBM/DS4.1.3/Eclipse.app/Contents/MacOS]
[org.osgi.supports.framework.requirebundle=true]
[line.separator=]
[java.vm.name=Java HotSpot(TM) 64-Bit Server VM]
[file.encoding=UTF-8]
[help.URL.default=]
[eclipse.vmargs=-Djava.class.path=/Applications/IBM/DS4.1.3/Eclipse.app/Contents/MacOS/../../../plugins/org.eclipse.equinox.launcher_1.3.201.v20161025-1711.jar]
[java.specification.version=1.8]
[org.osgi.framework.executionenvironment=OSGi/Minimum-1.0,OSGi/Minimum-1.1,OSGi/Minimum-1.2,JavaSE/compact1-1.8,JavaSE/compact2-1.8,JavaSE/compact3-1.8,JRE-1.1,J2SE-1.2,J2SE-1.3,J2SE-1.4,J2SE-1.5,JavaSE-1.6,JavaSE-1.7,JavaSE-1.8]
[osgi.logfile=/Users/Jack.Billings@ibm.com/demo_workspace/.metadata/.log]
[osgi.configuration.area=file:/Users/Jack.Billings@ibm.com/.eclipse/org.eclipse.platform_4.6.3_1141888373_macosx_cocoa_x86_64/configuration/]
-------- Java Properties: -------
 com.ibm.pdtools.common.component.core.logging.PDLogger.logMap(PDLogger.java:243)
